<?xml version="1.0" encoding="UTF-8"?>
<robot generator="Robot 7.1 (Python 3.13.0 on win32)" generated="2024-12-11T15:11:50.552764" rpa="false" schemaversion="5">
<suite id="s1" name="Tests" source="C:\Users\mateu\Desktop\site-ecom-e2e\tests">
<suite id="s1-s1" name="Category" source="C:\Users\mateu\Desktop\site-ecom-e2e\tests\category.robot">
<test id="s1-s1-t1" name="Test Case 001: Dog Category" line="14">
<kw name="Open Website" owner="commom" type="SETUP">
<kw name="New Persistent Context" owner="Browser">
<msg time="2024-12-11T15:11:51.766202" level="INFO">{
  "userDataDir": "is_incognito=True",
  "browser": "chromium",
  "headless": false,
  "acceptDownloads": true,
  "bypassCSP": false,
  "chromiumSandbox": false,
  "devtools": false,
  "forcedColors": "none",
  "handleSIGHUP": true,
  "handleSIGINT": true,
  "handleSIGTERM": true,
  "ignoreHTTPSErrors": true,
  "javaScriptEnabled": true,
  "offline": false,
  "reducedMotion": "no-preference",
  "serviceWorkers": "allow",
  "slowMo": 0.0,
  "timeout": 30000.0,
  "viewport": {
    "height": 850,
    "width": 1270
  },
  "tracesDir": "C:\\Users\\mateu\\Desktop\\site-ecom-e2e\\browser\\traces\\4c6ed00d-a773-4daf-b910-bc8290f1cfce"
}</msg>
<msg time="2024-12-11T15:11:51.792124" level="INFO">Starting Browser process C:\Users\mateu\AppData\Local\Programs\Python\Python313\Lib\site-packages\Browser\wrapper\index.js using port 59117</msg>
<msg time="2024-12-11T15:11:51.792241" level="INFO">Node startup parameters: ['node', 'C:\\Users\\mateu\\AppData\\Local\\Programs\\Python\\Python313\\Lib\\site-packages\\Browser\\wrapper\\index.js', '59117']</msg>
<msg time="2024-12-11T15:11:53.552133" level="INFO">Successfully created context. </msg>
<msg time="2024-12-11T15:11:53.552235" level="INFO">{'userDataDir': 'is_incognito=True', 'browser': 'chromium', 'headless': False, 'acceptDownloads': True, 'bypassCSP': False, 'chromiumSandbox': False, 'devtools': False, 'forcedColors': 'none', 'handleSIGHUP': True, 'handleSIGINT': True, 'handleSIGTERM': True, 'ignoreHTTPSErrors': True, 'javaScriptEnabled': True, 'offline': False, 'reducedMotion': 'no-preference', 'serviceWorkers': 'allow', 'slowMo': 0, 'timeout': 30000, 'viewport': {'height': 850, 'width': 1270}, 'tracesDir': 'C:\\Users\\mateu\\Desktop\\site-ecom-e2e\\browser\\traces\\4c6ed00d-a773-4daf-b910-bc8290f1cfce'}</msg>
<arg>is_incognito=True</arg>
<arg>headless=false</arg>
<arg>ignoreHTTPSErrors=true</arg>
<arg>viewport={'width': 1270, 'height': 850}</arg>
<doc>Open a new
[https://playwright.dev/docs/api/class-browsertype#browser-type-launch-persistent-context | persistent context].</doc>
<status status="PASS" start="2024-12-11T15:11:51.765171" elapsed="1.787354"/>
</kw>
<kw name="Delete All Cookies" owner="Browser">
<msg time="2024-12-11T15:11:53.588473" level="INFO">All cookies deleted.</msg>
<tag>BrowserControl</tag>
<tag>Setter</tag>
<doc>Deletes all cookies from the currently active browser context.</doc>
<status status="PASS" start="2024-12-11T15:11:53.552899" elapsed="0.035807"/>
</kw>
<kw name="Go To" owner="Browser">
<msg time="2024-12-11T15:11:55.195826" level="INFO">Successfully opened URL https://www.petz.com.br/checkout/login/indexLogado_Loja</msg>
<arg>https://www.petz.com.br/checkout/login/indexLogado_Loja</arg>
<tag>BrowserControl</tag>
<tag>Setter</tag>
<doc>Navigates to the given ``url``.</doc>
<status status="PASS" start="2024-12-11T15:11:53.589025" elapsed="1.607095"/>
</kw>
<status status="PASS" start="2024-12-11T15:11:51.764102" elapsed="3.432264"/>
</kw>
<kw name="Given im on the site" owner="commom">
<kw name="Validate Element" owner="commom">
<kw name="Wait For Elements State" owner="Browser">
<msg time="2024-12-11T15:11:55.250684" level="INFO">Waited for Element with selector xpath=//input[@placeholder="Digite seu e-mail ou CPF/CNPJ"] at state visible</msg>
<arg>${selector}</arg>
<arg>timeout=30 s</arg>
<tag>PageContent</tag>
<tag>Wait</tag>
<doc>Waits for the element found by ``selector`` to satisfy state option.</doc>
<status status="PASS" start="2024-12-11T15:11:55.198869" elapsed="0.051969"/>
</kw>
<arg>${emailTextField}</arg>
<status status="PASS" start="2024-12-11T15:11:55.198286" elapsed="0.052682"/>
</kw>
<status status="PASS" start="2024-12-11T15:11:55.197747" elapsed="0.053301"/>
</kw>
<kw name="And Do Login" owner="login">
<kw name="Fill in Login" owner="login">
<kw name="Validate and Fill Text" owner="commom">
<kw name="Wait For Elements State" owner="Browser">
<msg time="2024-12-11T15:11:55.263483" level="INFO">Waited for Element with selector xpath=//input[@placeholder="Digite seu e-mail ou CPF/CNPJ"] at state visible</msg>
<arg>${selector}</arg>
<arg>timeout=30 s</arg>
<tag>PageContent</tag>
<tag>Wait</tag>
<doc>Waits for the element found by ``selector`` to satisfy state option.</doc>
<status status="PASS" start="2024-12-11T15:11:55.253494" elapsed="0.010239"/>
</kw>
<kw name="Fill Text" owner="Browser">
<msg time="2024-12-11T15:11:55.264847" level="INFO">Fills the text '69782530140' in the given field.</msg>
<arg>${selector}</arg>
<arg>${text}</arg>
<tag>PageContent</tag>
<tag>Setter</tag>
<doc>Clears and fills the given ``txt`` into the text field found by ``selector``.</doc>
<status status="PASS" start="2024-12-11T15:11:55.264087" elapsed="0.030856"/>
</kw>
<arg>${emailTextField}</arg>
<arg>${email}</arg>
<status status="PASS" start="2024-12-11T15:11:55.252890" elapsed="0.042313"/>
</kw>
<kw name="Validate and Fill Text" owner="commom">
<kw name="Wait For Elements State" owner="Browser">
<msg time="2024-12-11T15:11:55.306621" level="INFO">Waited for Element with selector xpath=//input[@placeholder="Sua senha"] at state visible</msg>
<arg>${selector}</arg>
<arg>timeout=30 s</arg>
<tag>PageContent</tag>
<tag>Wait</tag>
<doc>Waits for the element found by ``selector`` to satisfy state option.</doc>
<status status="PASS" start="2024-12-11T15:11:55.296340" elapsed="0.010565"/>
</kw>
<kw name="Fill Text" owner="Browser">
<msg time="2024-12-11T15:11:55.308305" level="INFO">Fills the text '123456' in the given field.</msg>
<arg>${selector}</arg>
<arg>${text}</arg>
<tag>PageContent</tag>
<tag>Setter</tag>
<doc>Clears and fills the given ``txt`` into the text field found by ``selector``.</doc>
<status status="PASS" start="2024-12-11T15:11:55.307239" elapsed="0.019648"/>
</kw>
<arg>${passwordTextfield}</arg>
<arg>${password}</arg>
<status status="PASS" start="2024-12-11T15:11:55.295446" elapsed="0.031717"/>
</kw>
<kw name="Validate and Click" owner="commom">
<kw name="Wait For Elements State" owner="Browser">
<msg time="2024-12-11T15:11:55.335023" level="INFO">Waited for Element with selector xpath=//button[@class="ptz-btn ptz-btn-light-primary ptz-btn-md-full-width ptz-btn-left"] at state visible</msg>
<arg>${selector}</arg>
<arg>visible</arg>
<arg>timeout=30 s</arg>
<tag>PageContent</tag>
<tag>Wait</tag>
<doc>Waits for the element found by ``selector`` to satisfy state option.</doc>
<status status="PASS" start="2024-12-11T15:11:55.328282" elapsed="0.006885"/>
</kw>
<kw name="Click" owner="Browser">
<msg time="2024-12-11T15:11:55.335821" level="INFO">Clicks the element 'xpath=//button[@class="ptz-btn ptz-btn-light-primary ptz-btn-md-full-width ptz-btn-left"]'.</msg>
<arg>${selector}</arg>
<tag>PageContent</tag>
<tag>Setter</tag>
<doc>Simulates mouse click on the element found by ``selector``.</doc>
<status status="PASS" start="2024-12-11T15:11:55.335371" elapsed="0.043516"/>
</kw>
<arg>${submit}</arg>
<status status="PASS" start="2024-12-11T15:11:55.327498" elapsed="0.051573"/>
</kw>
<kw name="Validate Element" owner="commom">
<kw name="Wait For Elements State" owner="Browser">
<msg time="2024-12-11T15:12:04.913942" level="INFO">Waited for Element with selector xpath=//span[@class="ptz-header-profile-button-content-logged"][text()='Olá, Heloisa.'] at state visible</msg>
<arg>${selector}</arg>
<arg>timeout=30 s</arg>
<tag>PageContent</tag>
<tag>Wait</tag>
<doc>Waits for the element found by ``selector`` to satisfy state option.</doc>
<status status="PASS" start="2024-12-11T15:11:55.379782" elapsed="9.534404"/>
</kw>
<arg>${homeLoggedValidate}</arg>
<status status="PASS" start="2024-12-11T15:11:55.379324" elapsed="9.535220"/>
</kw>
<arg>${email}</arg>
<arg>${password}</arg>
<status status="PASS" start="2024-12-11T15:11:55.252289" elapsed="9.662391"/>
</kw>
<kw name="Sleep" owner="BuiltIn">
<msg time="2024-12-11T15:12:08.915438" level="INFO">Slept 4 seconds.</msg>
<arg>4</arg>
<doc>Pauses the test executed for the given time.</doc>
<status status="PASS" start="2024-12-11T15:12:04.914951" elapsed="4.000586"/>
</kw>
<arg>${UserMain}</arg>
<arg>${PasswordMain}</arg>
<status status="PASS" start="2024-12-11T15:11:55.251620" elapsed="13.664053"/>
</kw>
<kw name="And I Open The Section Of A Product In The Dog Category" owner="home">
<kw name="Validate and Click" owner="commom">
<kw name="Wait For Elements State" owner="Browser">
<msg time="2024-12-11T15:12:08.925641" level="INFO">Waited for Element with selector (//*[contains(text(),'Cachorro')])[1] at state visible</msg>
<arg>${selector}</arg>
<arg>visible</arg>
<arg>timeout=30 s</arg>
<tag>PageContent</tag>
<tag>Wait</tag>
<doc>Waits for the element found by ``selector`` to satisfy state option.</doc>
<status status="PASS" start="2024-12-11T15:12:08.917353" elapsed="0.008447"/>
</kw>
<kw name="Click" owner="Browser">
<msg time="2024-12-11T15:12:08.926416" level="INFO">Clicks the element '(//*[contains(text(),'Cachorro')])[1]'.</msg>
<arg>${selector}</arg>
<tag>PageContent</tag>
<tag>Setter</tag>
<doc>Simulates mouse click on the element found by ``selector``.</doc>
<status status="PASS" start="2024-12-11T15:12:08.926004" elapsed="2.098339"/>
</kw>
<arg>${DogCategoryButton}</arg>
<status status="PASS" start="2024-12-11T15:12:08.916974" elapsed="2.107591"/>
</kw>
<kw name="Validate and Click" owner="commom">
<kw name="Wait For Elements State" owner="Browser">
<msg time="2024-12-11T15:12:11.655814" level="INFO">Waited for Element with selector //a[@class='categoria-faceta']//*[contains(text(),'Ração')] at state visible</msg>
<arg>${selector}</arg>
<arg>visible</arg>
<arg>timeout=30 s</arg>
<tag>PageContent</tag>
<tag>Wait</tag>
<doc>Waits for the element found by ``selector`` to satisfy state option.</doc>
<status status="PASS" start="2024-12-11T15:12:11.025595" elapsed="0.630415"/>
</kw>
<kw name="Click" owner="Browser">
<msg time="2024-12-11T15:12:11.656851" level="INFO">Clicks the element '//a[@class='categoria-faceta']//*[contains(text(),'Ração')]'.</msg>
<arg>${selector}</arg>
<tag>PageContent</tag>
<tag>Setter</tag>
<doc>Simulates mouse click on the element found by ``selector``.</doc>
<status status="PASS" start="2024-12-11T15:12:11.656284" elapsed="2.535768"/>
</kw>
<arg>${RacaoButton}</arg>
<status status="PASS" start="2024-12-11T15:12:11.024943" elapsed="3.167273"/>
</kw>
<kw name="Validate and Click" owner="commom">
<kw name="Wait For Elements State" owner="Browser">
<msg time="2024-12-11T15:12:14.534948" level="INFO">Waited for Element with selector //a[@class='categoria-faceta']//*[contains(text(),'Ração Seca')] at state visible</msg>
<arg>${selector}</arg>
<arg>visible</arg>
<arg>timeout=30 s</arg>
<tag>PageContent</tag>
<tag>Wait</tag>
<doc>Waits for the element found by ``selector`` to satisfy state option.</doc>
<status status="PASS" start="2024-12-11T15:12:14.192915" elapsed="0.342186"/>
</kw>
<kw name="Click" owner="Browser">
<msg time="2024-12-11T15:12:14.535753" level="INFO">Clicks the element '//a[@class='categoria-faceta']//*[contains(text(),'Ração Seca')]'.</msg>
<arg>${selector}</arg>
<tag>PageContent</tag>
<tag>Setter</tag>
<doc>Simulates mouse click on the element found by ``selector``.</doc>
<status status="PASS" start="2024-12-11T15:12:14.535308" elapsed="3.773130"/>
</kw>
<arg>${RacaoSecaButton}</arg>
<status status="PASS" start="2024-12-11T15:12:14.192484" elapsed="4.116269"/>
</kw>
<status status="PASS" start="2024-12-11T15:12:08.916304" elapsed="9.392905"/>
</kw>
<kw name="Then The Products Of Dog Category Will Be Displayed" owner="home">
<kw name="Validate Element" owner="commom">
<kw name="Wait For Elements State" owner="Browser">
<msg time="2024-12-11T15:12:20.433479" level="INFO">Waited for Element with selector (//p[contains(text(),'Ração Golden Special')])[1] at state visible</msg>
<arg>${selector}</arg>
<arg>timeout=30 s</arg>
<tag>PageContent</tag>
<tag>Wait</tag>
<doc>Waits for the element found by ``selector`` to satisfy state option.</doc>
<status status="PASS" start="2024-12-11T15:12:18.312258" elapsed="2.121452"/>
</kw>
<arg>${RacaoSecaProduct}</arg>
<status status="PASS" start="2024-12-11T15:12:18.311569" elapsed="2.122347"/>
</kw>
<status status="PASS" start="2024-12-11T15:12:18.310715" elapsed="2.123294"/>
</kw>
<kw name="Close Website" owner="commom" type="TEARDOWN">
<kw name="Sleep" owner="BuiltIn">
<msg time="2024-12-11T15:12:22.435315" level="INFO">Slept 2 seconds.</msg>
<arg>2</arg>
<doc>Pauses the test executed for the given time.</doc>
<status status="PASS" start="2024-12-11T15:12:20.434950" elapsed="2.000472"/>
</kw>
<kw name="Take Screenshot" owner="Browser">
<msg time="2024-12-11T15:12:22.603032" level="INFO" html="true">&lt;/td&gt;&lt;/tr&gt;&lt;tr&gt;&lt;td colspan="3"&gt;&lt;a href="browser/screenshot/robotframework-browser-screenshot-1.png" target="_blank"&gt;&lt;img src="browser/screenshot/robotframework-browser-screenshot-1.png" width="800px"/&gt;&lt;/a&gt;</msg>
<tag>PageContent</tag>
<doc>Takes a screenshot of the current window or element and saves it to disk.</doc>
<status status="PASS" start="2024-12-11T15:12:22.435645" elapsed="0.167544"/>
</kw>
<kw name="Close Browser" owner="Browser">
<msg time="2024-12-11T15:12:22.961385" level="INFO">Closed browser</msg>
<tag>BrowserControl</tag>
<tag>Setter</tag>
<doc>Closes the current browser.</doc>
<status status="PASS" start="2024-12-11T15:12:22.603494" elapsed="0.358031"/>
</kw>
<status status="PASS" start="2024-12-11T15:12:20.434549" elapsed="2.527080"/>
</kw>
<status status="PASS" start="2024-12-11T15:11:51.762979" elapsed="31.198830"/>
</test>
<test id="s1-s1-t2" name="Test Case 002: Cat Category" line="20">
<kw name="Open Website" owner="commom" type="SETUP">
<kw name="New Persistent Context" owner="Browser">
<msg time="2024-12-11T15:12:22.998521" level="INFO">{
  "userDataDir": "is_incognito=True",
  "browser": "chromium",
  "headless": false,
  "acceptDownloads": true,
  "bypassCSP": false,
  "chromiumSandbox": false,
  "devtools": false,
  "forcedColors": "none",
  "handleSIGHUP": true,
  "handleSIGINT": true,
  "handleSIGTERM": true,
  "ignoreHTTPSErrors": true,
  "javaScriptEnabled": true,
  "offline": false,
  "reducedMotion": "no-preference",
  "serviceWorkers": "allow",
  "slowMo": 0.0,
  "timeout": 30000.0,
  "viewport": {
    "height": 850,
    "width": 1270
  },
  "tracesDir": "C:\\Users\\mateu\\Desktop\\site-ecom-e2e\\browser\\traces\\0db469d3-0c76-46f7-b8d9-cdb6feba97b7"
}</msg>
<msg time="2024-12-11T15:12:23.620037" level="INFO">Successfully created context. </msg>
<msg time="2024-12-11T15:12:23.620136" level="INFO">{'userDataDir': 'is_incognito=True', 'browser': 'chromium', 'headless': False, 'acceptDownloads': True, 'bypassCSP': False, 'chromiumSandbox': False, 'devtools': False, 'forcedColors': 'none', 'handleSIGHUP': True, 'handleSIGINT': True, 'handleSIGTERM': True, 'ignoreHTTPSErrors': True, 'javaScriptEnabled': True, 'offline': False, 'reducedMotion': 'no-preference', 'serviceWorkers': 'allow', 'slowMo': 0, 'timeout': 30000, 'viewport': {'height': 850, 'width': 1270}, 'tracesDir': 'C:\\Users\\mateu\\Desktop\\site-ecom-e2e\\browser\\traces\\0db469d3-0c76-46f7-b8d9-cdb6feba97b7'}</msg>
<arg>is_incognito=True</arg>
<arg>headless=false</arg>
<arg>ignoreHTTPSErrors=true</arg>
<arg>viewport={'width': 1270, 'height': 850}</arg>
<doc>Open a new
[https://playwright.dev/docs/api/class-browsertype#browser-type-launch-persistent-context | persistent context].</doc>
<status status="PASS" start="2024-12-11T15:12:22.997721" elapsed="0.622700"/>
</kw>
<kw name="Delete All Cookies" owner="Browser">
<msg time="2024-12-11T15:12:23.645760" level="INFO">All cookies deleted.</msg>
<tag>BrowserControl</tag>
<tag>Setter</tag>
<doc>Deletes all cookies from the currently active browser context.</doc>
<status status="PASS" start="2024-12-11T15:12:23.620814" elapsed="0.025577"/>
</kw>
<kw name="Go To" owner="Browser">
<msg time="2024-12-11T15:12:25.351298" level="INFO">Successfully opened URL https://www.petz.com.br/checkout/login/indexLogado_Loja</msg>
<arg>https://www.petz.com.br/checkout/login/indexLogado_Loja</arg>
<tag>BrowserControl</tag>
<tag>Setter</tag>
<doc>Navigates to the given ``url``.</doc>
<status status="PASS" start="2024-12-11T15:12:23.646966" elapsed="1.704574"/>
</kw>
<status status="PASS" start="2024-12-11T15:12:22.997389" elapsed="2.354340"/>
</kw>
<kw name="Given im on the site" owner="commom">
<kw name="Validate Element" owner="commom">
<kw name="Wait For Elements State" owner="Browser">
<msg time="2024-12-11T15:12:25.388726" level="INFO">Waited for Element with selector xpath=//input[@placeholder="Digite seu e-mail ou CPF/CNPJ"] at state visible</msg>
<arg>${selector}</arg>
<arg>timeout=30 s</arg>
<tag>PageContent</tag>
<tag>Wait</tag>
<doc>Waits for the element found by ``selector`` to satisfy state option.</doc>
<status status="PASS" start="2024-12-11T15:12:25.353637" elapsed="0.035247"/>
</kw>
<arg>${emailTextField}</arg>
<status status="PASS" start="2024-12-11T15:12:25.353035" elapsed="0.035958"/>
</kw>
<status status="PASS" start="2024-12-11T15:12:25.352433" elapsed="0.036627"/>
</kw>
<kw name="And Do Login" owner="login">
<kw name="Fill in Login" owner="login">
<kw name="Validate and Fill Text" owner="commom">
<kw name="Wait For Elements State" owner="Browser">
<msg time="2024-12-11T15:12:25.398043" level="INFO">Waited for Element with selector xpath=//input[@placeholder="Digite seu e-mail ou CPF/CNPJ"] at state visible</msg>
<arg>${selector}</arg>
<arg>timeout=30 s</arg>
<tag>PageContent</tag>
<tag>Wait</tag>
<doc>Waits for the element found by ``selector`` to satisfy state option.</doc>
<status status="PASS" start="2024-12-11T15:12:25.390931" elapsed="0.007281"/>
</kw>
<kw name="Fill Text" owner="Browser">
<msg time="2024-12-11T15:12:25.398849" level="INFO">Fills the text '69782530140' in the given field.</msg>
<arg>${selector}</arg>
<arg>${text}</arg>
<tag>PageContent</tag>
<tag>Setter</tag>
<doc>Clears and fills the given ``txt`` into the text field found by ``selector``.</doc>
<status status="PASS" start="2024-12-11T15:12:25.398416" elapsed="0.019898"/>
</kw>
<arg>${emailTextField}</arg>
<arg>${email}</arg>
<status status="PASS" start="2024-12-11T15:12:25.390363" elapsed="0.028273"/>
</kw>
<kw name="Validate and Fill Text" owner="commom">
<kw name="Wait For Elements State" owner="Browser">
<msg time="2024-12-11T15:12:25.427940" level="INFO">Waited for Element with selector xpath=//input[@placeholder="Sua senha"] at state visible</msg>
<arg>${selector}</arg>
<arg>timeout=30 s</arg>
<tag>PageContent</tag>
<tag>Wait</tag>
<doc>Waits for the element found by ``selector`` to satisfy state option.</doc>
<status status="PASS" start="2024-12-11T15:12:25.419636" elapsed="0.008633"/>
</kw>
<kw name="Fill Text" owner="Browser">
<msg time="2024-12-11T15:12:25.429184" level="INFO">Fills the text '123456' in the given field.</msg>
<arg>${selector}</arg>
<arg>${text}</arg>
<tag>PageContent</tag>
<tag>Setter</tag>
<doc>Clears and fills the given ``txt`` into the text field found by ``selector``.</doc>
<status status="PASS" start="2024-12-11T15:12:25.428580" elapsed="0.015431"/>
</kw>
<arg>${passwordTextfield}</arg>
<arg>${password}</arg>
<status status="PASS" start="2024-12-11T15:12:25.419034" elapsed="0.025193"/>
</kw>
<kw name="Validate and Click" owner="commom">
<kw name="Wait For Elements State" owner="Browser">
<msg time="2024-12-11T15:12:25.452445" level="INFO">Waited for Element with selector xpath=//button[@class="ptz-btn ptz-btn-light-primary ptz-btn-md-full-width ptz-btn-left"] at state visible</msg>
<arg>${selector}</arg>
<arg>visible</arg>
<arg>timeout=30 s</arg>
<tag>PageContent</tag>
<tag>Wait</tag>
<doc>Waits for the element found by ``selector`` to satisfy state option.</doc>
<status status="PASS" start="2024-12-11T15:12:25.445183" elapsed="0.007472"/>
</kw>
<kw name="Click" owner="Browser">
<msg time="2024-12-11T15:12:25.453421" level="INFO">Clicks the element 'xpath=//button[@class="ptz-btn ptz-btn-light-primary ptz-btn-md-full-width ptz-btn-left"]'.</msg>
<arg>${selector}</arg>
<tag>PageContent</tag>
<tag>Setter</tag>
<doc>Simulates mouse click on the element found by ``selector``.</doc>
<status status="PASS" start="2024-12-11T15:12:25.452933" elapsed="0.039989"/>
</kw>
<arg>${submit}</arg>
<status status="PASS" start="2024-12-11T15:12:25.444572" elapsed="0.048493"/>
</kw>
<kw name="Validate Element" owner="commom">
<kw name="Wait For Elements State" owner="Browser">
<msg time="2024-12-11T15:12:35.233273" level="INFO">Waited for Element with selector xpath=//span[@class="ptz-header-profile-button-content-logged"][text()='Olá, Heloisa.'] at state visible</msg>
<arg>${selector}</arg>
<arg>timeout=30 s</arg>
<tag>PageContent</tag>
<tag>Wait</tag>
<doc>Waits for the element found by ``selector`` to satisfy state option.</doc>
<status status="PASS" start="2024-12-11T15:12:25.493625" elapsed="9.739894"/>
</kw>
<arg>${homeLoggedValidate}</arg>
<status status="PASS" start="2024-12-11T15:12:25.493310" elapsed="9.740378"/>
</kw>
<arg>${email}</arg>
<arg>${password}</arg>
<status status="PASS" start="2024-12-11T15:12:25.389788" elapsed="9.844020"/>
</kw>
<kw name="Sleep" owner="BuiltIn">
<msg time="2024-12-11T15:12:39.235055" level="INFO">Slept 4 seconds.</msg>
<arg>4</arg>
<doc>Pauses the test executed for the given time.</doc>
<status status="PASS" start="2024-12-11T15:12:35.234062" elapsed="4.001120"/>
</kw>
<arg>${UserMain}</arg>
<arg>${PasswordMain}</arg>
<status status="PASS" start="2024-12-11T15:12:25.389428" elapsed="13.845876"/>
</kw>
<kw name="And I Open The Section Of A Product In The Cat Category" owner="home">
<kw name="Validate and Click" owner="commom">
<kw name="Wait For Elements State" owner="Browser">
<msg time="2024-12-11T15:12:39.248023" level="INFO">Waited for Element with selector (//*[contains(text(),'Gato')])[1] at state visible</msg>
<arg>${selector}</arg>
<arg>visible</arg>
<arg>timeout=30 s</arg>
<tag>PageContent</tag>
<tag>Wait</tag>
<doc>Waits for the element found by ``selector`` to satisfy state option.</doc>
<status status="PASS" start="2024-12-11T15:12:39.236810" elapsed="0.011458"/>
</kw>
<kw name="Click" owner="Browser">
<msg time="2024-12-11T15:12:39.249675" level="INFO">Clicks the element '(//*[contains(text(),'Gato')])[1]'.</msg>
<arg>${selector}</arg>
<tag>PageContent</tag>
<tag>Setter</tag>
<doc>Simulates mouse click on the element found by ``selector``.</doc>
<status status="PASS" start="2024-12-11T15:12:39.248753" elapsed="2.063147"/>
</kw>
<arg>${CatCategoryButton}</arg>
<status status="PASS" start="2024-12-11T15:12:39.236420" elapsed="2.075734"/>
</kw>
<kw name="Validate and Click" owner="commom">
<kw name="Wait For Elements State" owner="Browser">
<msg time="2024-12-11T15:12:41.803089" level="INFO">Waited for Element with selector //a[@class='categoria-faceta']//*[contains(text(),'Ração')] at state visible</msg>
<arg>${selector}</arg>
<arg>visible</arg>
<arg>timeout=30 s</arg>
<tag>PageContent</tag>
<tag>Wait</tag>
<doc>Waits for the element found by ``selector`` to satisfy state option.</doc>
<status status="PASS" start="2024-12-11T15:12:41.312886" elapsed="0.490353"/>
</kw>
<kw name="Click" owner="Browser">
<msg time="2024-12-11T15:12:41.803826" level="INFO">Clicks the element '//a[@class='categoria-faceta']//*[contains(text(),'Ração')]'.</msg>
<arg>${selector}</arg>
<tag>PageContent</tag>
<tag>Setter</tag>
<doc>Simulates mouse click on the element found by ``selector``.</doc>
<status status="PASS" start="2024-12-11T15:12:41.803431" elapsed="2.630842"/>
</kw>
<arg>${CatRacaoButton}</arg>
<status status="PASS" start="2024-12-11T15:12:41.312515" elapsed="3.121906"/>
</kw>
<kw name="Validate and Click" owner="commom">
<kw name="Wait For Elements State" owner="Browser">
<msg time="2024-12-11T15:12:44.772939" level="INFO">Waited for Element with selector //a[@class='categoria-faceta']//*[contains(text(),'Ração Seca')] at state visible</msg>
<arg>${selector}</arg>
<arg>visible</arg>
<arg>timeout=30 s</arg>
<tag>PageContent</tag>
<tag>Wait</tag>
<doc>Waits for the element found by ``selector`` to satisfy state option.</doc>
<status status="PASS" start="2024-12-11T15:12:44.434980" elapsed="0.338110"/>
</kw>
<kw name="Click" owner="Browser">
<msg time="2024-12-11T15:12:44.773758" level="INFO">Clicks the element '//a[@class='categoria-faceta']//*[contains(text(),'Ração Seca')]'.</msg>
<arg>${selector}</arg>
<tag>PageContent</tag>
<tag>Setter</tag>
<doc>Simulates mouse click on the element found by ``selector``.</doc>
<status status="PASS" start="2024-12-11T15:12:44.773312" elapsed="2.502696"/>
</kw>
<arg>${CatRacaoSecaButton}</arg>
<status status="PASS" start="2024-12-11T15:12:44.434657" elapsed="2.841645"/>
</kw>
<status status="PASS" start="2024-12-11T15:12:39.235928" elapsed="8.040516"/>
</kw>
<kw name="Then The Products Of Cat Category Will Be Displayed" owner="home">
<kw name="Validate Element" owner="commom">
<kw name="Wait For Elements State" owner="Browser">
<msg time="2024-12-11T15:12:48.802044" level="INFO">Waited for Element with selector (//p[contains(text(),'Ração Golden para Gatos')])[1] at state visible</msg>
<arg>${selector}</arg>
<arg>timeout=30 s</arg>
<tag>PageContent</tag>
<tag>Wait</tag>
<doc>Waits for the element found by ``selector`` to satisfy state option.</doc>
<status status="PASS" start="2024-12-11T15:12:47.277718" elapsed="1.524479"/>
</kw>
<arg>${CatRacaoSecaProduct}</arg>
<status status="PASS" start="2024-12-11T15:12:47.277390" elapsed="1.524925"/>
</kw>
<status status="PASS" start="2024-12-11T15:12:47.276947" elapsed="1.525432"/>
</kw>
<kw name="Close Website" owner="commom" type="TEARDOWN">
<kw name="Sleep" owner="BuiltIn">
<msg time="2024-12-11T15:12:50.803877" level="INFO">Slept 2 seconds.</msg>
<arg>2</arg>
<doc>Pauses the test executed for the given time.</doc>
<status status="PASS" start="2024-12-11T15:12:48.803066" elapsed="2.001006"/>
</kw>
<kw name="Take Screenshot" owner="Browser">
<msg time="2024-12-11T15:12:50.943657" level="INFO" html="true">&lt;/td&gt;&lt;/tr&gt;&lt;tr&gt;&lt;td colspan="3"&gt;&lt;a href="browser/screenshot/robotframework-browser-screenshot-2.png" target="_blank"&gt;&lt;img src="browser/screenshot/robotframework-browser-screenshot-2.png" width="800px"/&gt;&lt;/a&gt;</msg>
<tag>PageContent</tag>
<doc>Takes a screenshot of the current window or element and saves it to disk.</doc>
<status status="PASS" start="2024-12-11T15:12:50.804363" elapsed="0.139874"/>
</kw>
<kw name="Close Browser" owner="Browser">
<msg time="2024-12-11T15:12:51.343129" level="INFO">Closed browser</msg>
<tag>BrowserControl</tag>
<tag>Setter</tag>
<doc>Closes the current browser.</doc>
<status status="PASS" start="2024-12-11T15:12:50.944642" elapsed="0.398750"/>
</kw>
<status status="PASS" start="2024-12-11T15:12:48.802768" elapsed="2.540836"/>
</kw>
<status status="PASS" start="2024-12-11T15:12:22.994585" elapsed="28.350614"/>
</test>
<test id="s1-s1-t3" name="Test Case 003: Bird Category" line="26">
<kw name="Open Website" owner="commom" type="SETUP">
<kw name="New Persistent Context" owner="Browser">
<msg time="2024-12-11T15:12:51.385880" level="INFO">{
  "userDataDir": "is_incognito=True",
  "browser": "chromium",
  "headless": false,
  "acceptDownloads": true,
  "bypassCSP": false,
  "chromiumSandbox": false,
  "devtools": false,
  "forcedColors": "none",
  "handleSIGHUP": true,
  "handleSIGINT": true,
  "handleSIGTERM": true,
  "ignoreHTTPSErrors": true,
  "javaScriptEnabled": true,
  "offline": false,
  "reducedMotion": "no-preference",
  "serviceWorkers": "allow",
  "slowMo": 0.0,
  "timeout": 30000.0,
  "viewport": {
    "height": 850,
    "width": 1270
  },
  "tracesDir": "C:\\Users\\mateu\\Desktop\\site-ecom-e2e\\browser\\traces\\84a82661-46dc-4ae6-8d99-08de4d96ce1e"
}</msg>
<msg time="2024-12-11T15:12:52.112906" level="INFO">Successfully created context. </msg>
<msg time="2024-12-11T15:12:52.113033" level="INFO">{'userDataDir': 'is_incognito=True', 'browser': 'chromium', 'headless': False, 'acceptDownloads': True, 'bypassCSP': False, 'chromiumSandbox': False, 'devtools': False, 'forcedColors': 'none', 'handleSIGHUP': True, 'handleSIGINT': True, 'handleSIGTERM': True, 'ignoreHTTPSErrors': True, 'javaScriptEnabled': True, 'offline': False, 'reducedMotion': 'no-preference', 'serviceWorkers': 'allow', 'slowMo': 0, 'timeout': 30000, 'viewport': {'height': 850, 'width': 1270}, 'tracesDir': 'C:\\Users\\mateu\\Desktop\\site-ecom-e2e\\browser\\traces\\84a82661-46dc-4ae6-8d99-08de4d96ce1e'}</msg>
<arg>is_incognito=True</arg>
<arg>headless=false</arg>
<arg>ignoreHTTPSErrors=true</arg>
<arg>viewport={'width': 1270, 'height': 850}</arg>
<doc>Open a new
[https://playwright.dev/docs/api/class-browsertype#browser-type-launch-persistent-context | persistent context].</doc>
<status status="PASS" start="2024-12-11T15:12:51.385031" elapsed="0.728672"/>
</kw>
<kw name="Delete All Cookies" owner="Browser">
<msg time="2024-12-11T15:12:52.140603" level="INFO">All cookies deleted.</msg>
<tag>BrowserControl</tag>
<tag>Setter</tag>
<doc>Deletes all cookies from the currently active browser context.</doc>
<status status="PASS" start="2024-12-11T15:12:52.114230" elapsed="0.026601"/>
</kw>
<kw name="Go To" owner="Browser">
<msg time="2024-12-11T15:12:53.451690" level="INFO">Successfully opened URL https://www.petz.com.br/checkout/login/indexLogado_Loja</msg>
<arg>https://www.petz.com.br/checkout/login/indexLogado_Loja</arg>
<tag>BrowserControl</tag>
<tag>Setter</tag>
<doc>Navigates to the given ``url``.</doc>
<status status="PASS" start="2024-12-11T15:12:52.141251" elapsed="1.310766"/>
</kw>
<status status="PASS" start="2024-12-11T15:12:51.384695" elapsed="2.067577"/>
</kw>
<kw name="Given im on the site" owner="commom">
<kw name="Validate Element" owner="commom">
<kw name="Wait For Elements State" owner="Browser">
<msg time="2024-12-11T15:12:53.540362" level="INFO">Waited for Element with selector xpath=//input[@placeholder="Digite seu e-mail ou CPF/CNPJ"] at state visible</msg>
<arg>${selector}</arg>
<arg>timeout=30 s</arg>
<tag>PageContent</tag>
<tag>Wait</tag>
<doc>Waits for the element found by ``selector`` to satisfy state option.</doc>
<status status="PASS" start="2024-12-11T15:12:53.454158" elapsed="0.086403"/>
</kw>
<arg>${emailTextField}</arg>
<status status="PASS" start="2024-12-11T15:12:53.453504" elapsed="0.087211"/>
</kw>
<status status="PASS" start="2024-12-11T15:12:53.452942" elapsed="0.087866"/>
</kw>
<kw name="And Do Login" owner="login">
<kw name="Fill in Login" owner="login">
<kw name="Validate and Fill Text" owner="commom">
<kw name="Wait For Elements State" owner="Browser">
<msg time="2024-12-11T15:12:53.562922" level="INFO">Waited for Element with selector xpath=//input[@placeholder="Digite seu e-mail ou CPF/CNPJ"] at state visible</msg>
<arg>${selector}</arg>
<arg>timeout=30 s</arg>
<tag>PageContent</tag>
<tag>Wait</tag>
<doc>Waits for the element found by ``selector`` to satisfy state option.</doc>
<status status="PASS" start="2024-12-11T15:12:53.544116" elapsed="0.019080"/>
</kw>
<kw name="Fill Text" owner="Browser">
<msg time="2024-12-11T15:12:53.564501" level="INFO">Fills the text '69782530140' in the given field.</msg>
<arg>${selector}</arg>
<arg>${text}</arg>
<tag>PageContent</tag>
<tag>Setter</tag>
<doc>Clears and fills the given ``txt`` into the text field found by ``selector``.</doc>
<status status="PASS" start="2024-12-11T15:12:53.563594" elapsed="0.022617"/>
</kw>
<arg>${emailTextField}</arg>
<arg>${email}</arg>
<status status="PASS" start="2024-12-11T15:12:53.543268" elapsed="0.043200"/>
</kw>
<kw name="Validate and Fill Text" owner="commom">
<kw name="Wait For Elements State" owner="Browser">
<msg time="2024-12-11T15:12:53.597250" level="INFO">Waited for Element with selector xpath=//input[@placeholder="Sua senha"] at state visible</msg>
<arg>${selector}</arg>
<arg>timeout=30 s</arg>
<tag>PageContent</tag>
<tag>Wait</tag>
<doc>Waits for the element found by ``selector`` to satisfy state option.</doc>
<status status="PASS" start="2024-12-11T15:12:53.587679" elapsed="0.010131"/>
</kw>
<kw name="Fill Text" owner="Browser">
<msg time="2024-12-11T15:12:53.599650" level="INFO">Fills the text '123456' in the given field.</msg>
<arg>${selector}</arg>
<arg>${text}</arg>
<tag>PageContent</tag>
<tag>Setter</tag>
<doc>Clears and fills the given ``txt`` into the text field found by ``selector``.</doc>
<status status="PASS" start="2024-12-11T15:12:53.598561" elapsed="0.021142"/>
</kw>
<arg>${passwordTextfield}</arg>
<arg>${password}</arg>
<status status="PASS" start="2024-12-11T15:12:53.586879" elapsed="0.032990"/>
</kw>
<kw name="Validate and Click" owner="commom">
<kw name="Wait For Elements State" owner="Browser">
<msg time="2024-12-11T15:12:53.630422" level="INFO">Waited for Element with selector xpath=//button[@class="ptz-btn ptz-btn-light-primary ptz-btn-md-full-width ptz-btn-left"] at state visible</msg>
<arg>${selector}</arg>
<arg>visible</arg>
<arg>timeout=30 s</arg>
<tag>PageContent</tag>
<tag>Wait</tag>
<doc>Waits for the element found by ``selector`` to satisfy state option.</doc>
<status status="PASS" start="2024-12-11T15:12:53.620703" elapsed="0.009935"/>
</kw>
<kw name="Click" owner="Browser">
<msg time="2024-12-11T15:12:53.631570" level="INFO">Clicks the element 'xpath=//button[@class="ptz-btn ptz-btn-light-primary ptz-btn-md-full-width ptz-btn-left"]'.</msg>
<arg>${selector}</arg>
<tag>PageContent</tag>
<tag>Setter</tag>
<doc>Simulates mouse click on the element found by ``selector``.</doc>
<status status="PASS" start="2024-12-11T15:12:53.630913" elapsed="0.051671"/>
</kw>
<arg>${submit}</arg>
<status status="PASS" start="2024-12-11T15:12:53.620131" elapsed="0.062626"/>
</kw>
<kw name="Validate Element" owner="commom">
<kw name="Wait For Elements State" owner="Browser">
<msg time="2024-12-11T15:13:03.158422" level="INFO">Waited for Element with selector xpath=//span[@class="ptz-header-profile-button-content-logged"][text()='Olá, Heloisa.'] at state visible</msg>
<arg>${selector}</arg>
<arg>timeout=30 s</arg>
<tag>PageContent</tag>
<tag>Wait</tag>
<doc>Waits for the element found by ``selector`` to satisfy state option.</doc>
<status status="PASS" start="2024-12-11T15:12:53.683465" elapsed="9.475135"/>
</kw>
<arg>${homeLoggedValidate}</arg>
<status status="PASS" start="2024-12-11T15:12:53.683007" elapsed="9.475780"/>
</kw>
<arg>${email}</arg>
<arg>${password}</arg>
<status status="PASS" start="2024-12-11T15:12:53.542290" elapsed="9.616624"/>
</kw>
<kw name="Sleep" owner="BuiltIn">
<msg time="2024-12-11T15:13:07.159707" level="INFO">Slept 4 seconds.</msg>
<arg>4</arg>
<doc>Pauses the test executed for the given time.</doc>
<status status="PASS" start="2024-12-11T15:13:03.159108" elapsed="4.000700"/>
</kw>
<arg>${UserMain}</arg>
<arg>${PasswordMain}</arg>
<status status="PASS" start="2024-12-11T15:12:53.541381" elapsed="13.618536"/>
</kw>
<kw name="And I Open The Section Of A Product In The Bird Category" owner="home">
<kw name="Validate and Click" owner="commom">
<kw name="Wait For Elements State" owner="Browser">
<msg time="2024-12-11T15:13:07.175181" level="INFO">Waited for Element with selector (//*[contains(text(),'Pássaro')])[1] at state visible</msg>
<arg>${selector}</arg>
<arg>visible</arg>
<arg>timeout=30 s</arg>
<tag>PageContent</tag>
<tag>Wait</tag>
<doc>Waits for the element found by ``selector`` to satisfy state option.</doc>
<status status="PASS" start="2024-12-11T15:13:07.160968" elapsed="0.014590"/>
</kw>
<kw name="Click" owner="Browser">
<msg time="2024-12-11T15:13:07.177852" level="INFO">Clicks the element '(//*[contains(text(),'Pássaro')])[1]'.</msg>
<arg>${selector}</arg>
<tag>PageContent</tag>
<tag>Setter</tag>
<doc>Simulates mouse click on the element found by ``selector``.</doc>
<status status="PASS" start="2024-12-11T15:13:07.175988" elapsed="2.597914"/>
</kw>
<arg>${BirdCategoryButton}</arg>
<status status="PASS" start="2024-12-11T15:13:07.160675" elapsed="2.613351"/>
</kw>
<kw name="Validate and Click" owner="commom">
<kw name="Wait For Elements State" owner="Browser">
<msg time="2024-12-11T15:13:10.088177" level="INFO">Waited for Element with selector //a[@class='categoria-faceta']//*[contains(text(),'Alimentação')] at state visible</msg>
<arg>${selector}</arg>
<arg>visible</arg>
<arg>timeout=30 s</arg>
<tag>PageContent</tag>
<tag>Wait</tag>
<doc>Waits for the element found by ``selector`` to satisfy state option.</doc>
<status status="PASS" start="2024-12-11T15:13:09.774554" elapsed="0.314513"/>
</kw>
<kw name="Click" owner="Browser">
<msg time="2024-12-11T15:13:10.090156" level="INFO">Clicks the element '//a[@class='categoria-faceta']//*[contains(text(),'Alimentação')]'.</msg>
<arg>${selector}</arg>
<tag>PageContent</tag>
<tag>Setter</tag>
<doc>Simulates mouse click on the element found by ``selector``.</doc>
<status status="PASS" start="2024-12-11T15:13:10.089536" elapsed="2.409034"/>
</kw>
<arg>${BirdFoodButton}</arg>
<status status="PASS" start="2024-12-11T15:13:09.774232" elapsed="2.724517"/>
</kw>
<kw name="Validate and Click" owner="commom">
<kw name="Wait For Elements State" owner="Browser">
<msg time="2024-12-11T15:13:12.786222" level="INFO">Waited for Element with selector //a[@class='categoria-faceta']//*[contains(text(),'Calopsita')] at state visible</msg>
<arg>${selector}</arg>
<arg>visible</arg>
<arg>timeout=30 s</arg>
<tag>PageContent</tag>
<tag>Wait</tag>
<doc>Waits for the element found by ``selector`` to satisfy state option.</doc>
<status status="PASS" start="2024-12-11T15:13:12.499492" elapsed="0.286904"/>
</kw>
<kw name="Click" owner="Browser">
<msg time="2024-12-11T15:13:12.787006" level="INFO">Clicks the element '//a[@class='categoria-faceta']//*[contains(text(),'Calopsita')]'.</msg>
<arg>${selector}</arg>
<tag>PageContent</tag>
<tag>Setter</tag>
<doc>Simulates mouse click on the element found by ``selector``.</doc>
<status status="PASS" start="2024-12-11T15:13:12.786603" elapsed="2.347506"/>
</kw>
<arg>${CalopsitaFoodButton}</arg>
<status status="PASS" start="2024-12-11T15:13:12.499024" elapsed="2.635226"/>
</kw>
<status status="PASS" start="2024-12-11T15:13:07.160352" elapsed="7.973979"/>
</kw>
<kw name="Then The Products Of Bird Category Will Be Displayed" owner="home">
<kw name="Validate Element" owner="commom">
<kw name="Wait For Elements State" owner="Browser">
<msg time="2024-12-11T15:13:17.461435" level="INFO">Waited for Element with selector (//p[contains(text(),'para Calopsitas')])[1] at state visible</msg>
<arg>${selector}</arg>
<arg>timeout=30 s</arg>
<tag>PageContent</tag>
<tag>Wait</tag>
<doc>Waits for the element found by ``selector`` to satisfy state option.</doc>
<status status="PASS" start="2024-12-11T15:13:15.135420" elapsed="2.326291"/>
</kw>
<arg>${BirdFoodProduct}</arg>
<status status="PASS" start="2024-12-11T15:13:15.135076" elapsed="2.326867"/>
</kw>
<status status="PASS" start="2024-12-11T15:13:15.134726" elapsed="2.327369"/>
</kw>
<kw name="Close Website" owner="commom" type="TEARDOWN">
<kw name="Sleep" owner="BuiltIn">
<msg time="2024-12-11T15:13:19.463892" level="INFO">Slept 2 seconds.</msg>
<arg>2</arg>
<doc>Pauses the test executed for the given time.</doc>
<status status="PASS" start="2024-12-11T15:13:17.463109" elapsed="2.000893"/>
</kw>
<kw name="Take Screenshot" owner="Browser">
<msg time="2024-12-11T15:13:19.627676" level="INFO" html="true">&lt;/td&gt;&lt;/tr&gt;&lt;tr&gt;&lt;td colspan="3"&gt;&lt;a href="browser/screenshot/robotframework-browser-screenshot-3.png" target="_blank"&gt;&lt;img src="browser/screenshot/robotframework-browser-screenshot-3.png" width="800px"/&gt;&lt;/a&gt;</msg>
<tag>PageContent</tag>
<doc>Takes a screenshot of the current window or element and saves it to disk.</doc>
<status status="PASS" start="2024-12-11T15:13:19.464229" elapsed="0.163607"/>
</kw>
<kw name="Close Browser" owner="Browser">
<msg time="2024-12-11T15:13:20.037710" level="INFO">Closed browser</msg>
<tag>BrowserControl</tag>
<tag>Setter</tag>
<doc>Closes the current browser.</doc>
<status status="PASS" start="2024-12-11T15:13:19.628435" elapsed="0.409524"/>
</kw>
<status status="PASS" start="2024-12-11T15:13:17.462721" elapsed="2.575400"/>
</kw>
<status status="PASS" start="2024-12-11T15:12:51.382415" elapsed="28.656040"/>
</test>
<test id="s1-s1-t4" name="Test Case 004: Fish Category" line="32">
<kw name="Open Website" owner="commom" type="SETUP">
<kw name="New Persistent Context" owner="Browser">
<msg time="2024-12-11T15:13:20.082830" level="INFO">{
  "userDataDir": "is_incognito=True",
  "browser": "chromium",
  "headless": false,
  "acceptDownloads": true,
  "bypassCSP": false,
  "chromiumSandbox": false,
  "devtools": false,
  "forcedColors": "none",
  "handleSIGHUP": true,
  "handleSIGINT": true,
  "handleSIGTERM": true,
  "ignoreHTTPSErrors": true,
  "javaScriptEnabled": true,
  "offline": false,
  "reducedMotion": "no-preference",
  "serviceWorkers": "allow",
  "slowMo": 0.0,
  "timeout": 30000.0,
  "viewport": {
    "height": 850,
    "width": 1270
  },
  "tracesDir": "C:\\Users\\mateu\\Desktop\\site-ecom-e2e\\browser\\traces\\90a08f5c-a26d-4a4f-8f6f-8eb0827ea849"
}</msg>
<msg time="2024-12-11T15:13:20.739904" level="INFO">Successfully created context. </msg>
<msg time="2024-12-11T15:13:20.740000" level="INFO">{'userDataDir': 'is_incognito=True', 'browser': 'chromium', 'headless': False, 'acceptDownloads': True, 'bypassCSP': False, 'chromiumSandbox': False, 'devtools': False, 'forcedColors': 'none', 'handleSIGHUP': True, 'handleSIGINT': True, 'handleSIGTERM': True, 'ignoreHTTPSErrors': True, 'javaScriptEnabled': True, 'offline': False, 'reducedMotion': 'no-preference', 'serviceWorkers': 'allow', 'slowMo': 0, 'timeout': 30000, 'viewport': {'height': 850, 'width': 1270}, 'tracesDir': 'C:\\Users\\mateu\\Desktop\\site-ecom-e2e\\browser\\traces\\90a08f5c-a26d-4a4f-8f6f-8eb0827ea849'}</msg>
<arg>is_incognito=True</arg>
<arg>headless=false</arg>
<arg>ignoreHTTPSErrors=true</arg>
<arg>viewport={'width': 1270, 'height': 850}</arg>
<doc>Open a new
[https://playwright.dev/docs/api/class-browsertype#browser-type-launch-persistent-context | persistent context].</doc>
<status status="PASS" start="2024-12-11T15:13:20.080989" elapsed="0.659271"/>
</kw>
<kw name="Delete All Cookies" owner="Browser">
<msg time="2024-12-11T15:13:20.758483" level="INFO">All cookies deleted.</msg>
<tag>BrowserControl</tag>
<tag>Setter</tag>
<doc>Deletes all cookies from the currently active browser context.</doc>
<status status="PASS" start="2024-12-11T15:13:20.740737" elapsed="0.017929"/>
</kw>
<kw name="Go To" owner="Browser">
<msg time="2024-12-11T15:13:21.985384" level="INFO">Successfully opened URL https://www.petz.com.br/checkout/login/indexLogado_Loja</msg>
<arg>https://www.petz.com.br/checkout/login/indexLogado_Loja</arg>
<tag>BrowserControl</tag>
<tag>Setter</tag>
<doc>Navigates to the given ``url``.</doc>
<status status="PASS" start="2024-12-11T15:13:20.758929" elapsed="1.226749"/>
</kw>
<status status="PASS" start="2024-12-11T15:13:20.080465" elapsed="1.905569"/>
</kw>
<kw name="Given im on the site" owner="commom">
<kw name="Validate Element" owner="commom">
<kw name="Wait For Elements State" owner="Browser">
<msg time="2024-12-11T15:13:22.048440" level="INFO">Waited for Element with selector xpath=//input[@placeholder="Digite seu e-mail ou CPF/CNPJ"] at state visible</msg>
<arg>${selector}</arg>
<arg>timeout=30 s</arg>
<tag>PageContent</tag>
<tag>Wait</tag>
<doc>Waits for the element found by ``selector`` to satisfy state option.</doc>
<status status="PASS" start="2024-12-11T15:13:21.989121" elapsed="0.059519"/>
</kw>
<arg>${emailTextField}</arg>
<status status="PASS" start="2024-12-11T15:13:21.988012" elapsed="0.060786"/>
</kw>
<status status="PASS" start="2024-12-11T15:13:21.986751" elapsed="0.062142"/>
</kw>
<kw name="And Do Login" owner="login">
<kw name="Fill in Login" owner="login">
<kw name="Validate and Fill Text" owner="commom">
<kw name="Wait For Elements State" owner="Browser">
<msg time="2024-12-11T15:13:22.061681" level="INFO">Waited for Element with selector xpath=//input[@placeholder="Digite seu e-mail ou CPF/CNPJ"] at state visible</msg>
<arg>${selector}</arg>
<arg>timeout=30 s</arg>
<tag>PageContent</tag>
<tag>Wait</tag>
<doc>Waits for the element found by ``selector`` to satisfy state option.</doc>
<status status="PASS" start="2024-12-11T15:13:22.051727" elapsed="0.010299"/>
</kw>
<kw name="Fill Text" owner="Browser">
<msg time="2024-12-11T15:13:22.063102" level="INFO">Fills the text '69782530140' in the given field.</msg>
<arg>${selector}</arg>
<arg>${text}</arg>
<tag>PageContent</tag>
<tag>Setter</tag>
<doc>Clears and fills the given ``txt`` into the text field found by ``selector``.</doc>
<status status="PASS" start="2024-12-11T15:13:22.062438" elapsed="0.024316"/>
</kw>
<arg>${emailTextField}</arg>
<arg>${email}</arg>
<status status="PASS" start="2024-12-11T15:13:22.050794" elapsed="0.036152"/>
</kw>
<kw name="Validate and Fill Text" owner="commom">
<kw name="Wait For Elements State" owner="Browser">
<msg time="2024-12-11T15:13:22.097168" level="INFO">Waited for Element with selector xpath=//input[@placeholder="Sua senha"] at state visible</msg>
<arg>${selector}</arg>
<arg>timeout=30 s</arg>
<tag>PageContent</tag>
<tag>Wait</tag>
<doc>Waits for the element found by ``selector`` to satisfy state option.</doc>
<status status="PASS" start="2024-12-11T15:13:22.087877" elapsed="0.009593"/>
</kw>
<kw name="Fill Text" owner="Browser">
<msg time="2024-12-11T15:13:22.098740" level="INFO">Fills the text '123456' in the given field.</msg>
<arg>${selector}</arg>
<arg>${text}</arg>
<tag>PageContent</tag>
<tag>Setter</tag>
<doc>Clears and fills the given ``txt`` into the text field found by ``selector``.</doc>
<status status="PASS" start="2024-12-11T15:13:22.097883" elapsed="0.017080"/>
</kw>
<arg>${passwordTextfield}</arg>
<arg>${password}</arg>
<status status="PASS" start="2024-12-11T15:13:22.087243" elapsed="0.027923"/>
</kw>
<kw name="Validate and Click" owner="commom">
<kw name="Wait For Elements State" owner="Browser">
<msg time="2024-12-11T15:13:22.125838" level="INFO">Waited for Element with selector xpath=//button[@class="ptz-btn ptz-btn-light-primary ptz-btn-md-full-width ptz-btn-left"] at state visible</msg>
<arg>${selector}</arg>
<arg>visible</arg>
<arg>timeout=30 s</arg>
<tag>PageContent</tag>
<tag>Wait</tag>
<doc>Waits for the element found by ``selector`` to satisfy state option.</doc>
<status status="PASS" start="2024-12-11T15:13:22.115870" elapsed="0.010336"/>
</kw>
<kw name="Click" owner="Browser">
<msg time="2024-12-11T15:13:22.127826" level="INFO">Clicks the element 'xpath=//button[@class="ptz-btn ptz-btn-light-primary ptz-btn-md-full-width ptz-btn-left"]'.</msg>
<arg>${selector}</arg>
<tag>PageContent</tag>
<tag>Setter</tag>
<doc>Simulates mouse click on the element found by ``selector``.</doc>
<status status="PASS" start="2024-12-11T15:13:22.126690" elapsed="0.054198"/>
</kw>
<arg>${submit}</arg>
<status status="PASS" start="2024-12-11T15:13:22.115427" elapsed="0.065630"/>
</kw>
<kw name="Validate Element" owner="commom">
<kw name="Wait For Elements State" owner="Browser">
<msg time="2024-12-11T15:13:31.255945" level="INFO">Waited for Element with selector xpath=//span[@class="ptz-header-profile-button-content-logged"][text()='Olá, Heloisa.'] at state visible</msg>
<arg>${selector}</arg>
<arg>timeout=30 s</arg>
<tag>PageContent</tag>
<tag>Wait</tag>
<doc>Waits for the element found by ``selector`` to satisfy state option.</doc>
<status status="PASS" start="2024-12-11T15:13:22.181984" elapsed="9.074485"/>
</kw>
<arg>${homeLoggedValidate}</arg>
<status status="PASS" start="2024-12-11T15:13:22.181396" elapsed="9.075382"/>
</kw>
<arg>${email}</arg>
<arg>${password}</arg>
<status status="PASS" start="2024-12-11T15:13:22.050015" elapsed="9.206906"/>
</kw>
<kw name="Sleep" owner="BuiltIn">
<msg time="2024-12-11T15:13:35.258152" level="INFO">Slept 4 seconds.</msg>
<arg>4</arg>
<doc>Pauses the test executed for the given time.</doc>
<status status="PASS" start="2024-12-11T15:13:31.257463" elapsed="4.000806"/>
</kw>
<arg>${UserMain}</arg>
<arg>${PasswordMain}</arg>
<status status="PASS" start="2024-12-11T15:13:22.049425" elapsed="13.208970"/>
</kw>
<kw name="And I Open The Section Of A Product In The Fish Category" owner="home">
<kw name="Validate and Click" owner="commom">
<kw name="Wait For Elements State" owner="Browser">
<msg time="2024-12-11T15:13:35.268934" level="INFO">Waited for Element with selector (//*[contains(text(),'Peixe')])[1] at state visible</msg>
<arg>${selector}</arg>
<arg>visible</arg>
<arg>timeout=30 s</arg>
<tag>PageContent</tag>
<tag>Wait</tag>
<doc>Waits for the element found by ``selector`` to satisfy state option.</doc>
<status status="PASS" start="2024-12-11T15:13:35.259579" elapsed="0.009518"/>
</kw>
<kw name="Click" owner="Browser">
<msg time="2024-12-11T15:13:35.269727" level="INFO">Clicks the element '(//*[contains(text(),'Peixe')])[1]'.</msg>
<arg>${selector}</arg>
<tag>PageContent</tag>
<tag>Setter</tag>
<doc>Simulates mouse click on the element found by ``selector``.</doc>
<status status="PASS" start="2024-12-11T15:13:35.269298" elapsed="2.025117"/>
</kw>
<arg>${FishCategoryButton}</arg>
<status status="PASS" start="2024-12-11T15:13:35.259225" elapsed="2.035335"/>
</kw>
<kw name="Validate and Click" owner="commom">
<kw name="Wait For Elements State" owner="Browser">
<msg time="2024-12-11T15:13:37.591929" level="INFO">Waited for Element with selector //a[@class='categoria-faceta']//*[contains(text(),'Alimentação')] at state visible</msg>
<arg>${selector}</arg>
<arg>visible</arg>
<arg>timeout=30 s</arg>
<tag>PageContent</tag>
<tag>Wait</tag>
<doc>Waits for the element found by ``selector`` to satisfy state option.</doc>
<status status="PASS" start="2024-12-11T15:13:37.295075" elapsed="0.297028"/>
</kw>
<kw name="Click" owner="Browser">
<msg time="2024-12-11T15:13:37.593771" level="INFO">Clicks the element '//a[@class='categoria-faceta']//*[contains(text(),'Alimentação')]'.</msg>
<arg>${selector}</arg>
<tag>PageContent</tag>
<tag>Setter</tag>
<doc>Simulates mouse click on the element found by ``selector``.</doc>
<status status="PASS" start="2024-12-11T15:13:37.592554" elapsed="2.951938"/>
</kw>
<arg>${FishFoodButton}</arg>
<status status="PASS" start="2024-12-11T15:13:37.294755" elapsed="3.249888"/>
</kw>
<kw name="Validate and Click" owner="commom">
<kw name="Wait For Elements State" owner="Browser">
<msg time="2024-12-11T15:13:40.873093" level="INFO">Waited for Element with selector //a[@class='categoria-faceta']//*[contains(text(),'Alimento Base')] at state visible</msg>
<arg>${selector}</arg>
<arg>visible</arg>
<arg>timeout=30 s</arg>
<tag>PageContent</tag>
<tag>Wait</tag>
<doc>Waits for the element found by ``selector`` to satisfy state option.</doc>
<status status="PASS" start="2024-12-11T15:13:40.545166" elapsed="0.328080"/>
</kw>
<kw name="Click" owner="Browser">
<msg time="2024-12-11T15:13:40.873886" level="INFO">Clicks the element '//a[@class='categoria-faceta']//*[contains(text(),'Alimento Base')]'.</msg>
<arg>${selector}</arg>
<tag>PageContent</tag>
<tag>Setter</tag>
<doc>Simulates mouse click on the element found by ``selector``.</doc>
<status status="PASS" start="2024-12-11T15:13:40.873449" elapsed="2.453983"/>
</kw>
<arg>${BaseFishFoodButton}</arg>
<status status="PASS" start="2024-12-11T15:13:40.544835" elapsed="2.782809"/>
</kw>
<status status="PASS" start="2024-12-11T15:13:35.258867" elapsed="8.068893"/>
</kw>
<kw name="Then Then The Products Of Fish Category Will Be Displayed" owner="home">
<kw name="Validate Element" owner="commom">
<kw name="Wait For Elements State" owner="Browser">
<msg time="2024-12-11T15:13:45.398719" level="INFO">Waited for Element with selector (//p[contains(text(),'para Peixe')])[1] at state visible</msg>
<arg>${selector}</arg>
<arg>timeout=30 s</arg>
<tag>PageContent</tag>
<tag>Wait</tag>
<doc>Waits for the element found by ``selector`` to satisfy state option.</doc>
<status status="PASS" start="2024-12-11T15:13:43.329080" elapsed="2.069802"/>
</kw>
<arg>${FishFoodProduct}</arg>
<status status="PASS" start="2024-12-11T15:13:43.328617" elapsed="2.070395"/>
</kw>
<status status="PASS" start="2024-12-11T15:13:43.328236" elapsed="2.070862"/>
</kw>
<kw name="Close Website" owner="commom" type="TEARDOWN">
<kw name="Sleep" owner="BuiltIn">
<msg time="2024-12-11T15:13:47.400500" level="INFO">Slept 2 seconds.</msg>
<arg>2</arg>
<doc>Pauses the test executed for the given time.</doc>
<status status="PASS" start="2024-12-11T15:13:45.400035" elapsed="2.000600"/>
</kw>
<kw name="Take Screenshot" owner="Browser">
<msg time="2024-12-11T15:13:47.557648" level="INFO" html="true">&lt;/td&gt;&lt;/tr&gt;&lt;tr&gt;&lt;td colspan="3"&gt;&lt;a href="browser/screenshot/robotframework-browser-screenshot-4.png" target="_blank"&gt;&lt;img src="browser/screenshot/robotframework-browser-screenshot-4.png" width="800px"/&gt;&lt;/a&gt;</msg>
<tag>PageContent</tag>
<doc>Takes a screenshot of the current window or element and saves it to disk.</doc>
<status status="PASS" start="2024-12-11T15:13:47.400912" elapsed="0.157071"/>
</kw>
<kw name="Close Browser" owner="Browser">
<msg time="2024-12-11T15:13:47.938674" level="INFO">Closed browser</msg>
<tag>BrowserControl</tag>
<tag>Setter</tag>
<doc>Closes the current browser.</doc>
<status status="PASS" start="2024-12-11T15:13:47.558382" elapsed="0.380515"/>
</kw>
<status status="PASS" start="2024-12-11T15:13:45.399639" elapsed="2.539437"/>
</kw>
<status status="PASS" start="2024-12-11T15:13:20.075882" elapsed="27.863429"/>
</test>
<test id="s1-s1-t5" name="Test Case 005: Other Pets Category" line="38">
<kw name="Open Website" owner="commom" type="SETUP">
<kw name="New Persistent Context" owner="Browser">
<msg time="2024-12-11T15:13:47.987891" level="INFO">{
  "userDataDir": "is_incognito=True",
  "browser": "chromium",
  "headless": false,
  "acceptDownloads": true,
  "bypassCSP": false,
  "chromiumSandbox": false,
  "devtools": false,
  "forcedColors": "none",
  "handleSIGHUP": true,
  "handleSIGINT": true,
  "handleSIGTERM": true,
  "ignoreHTTPSErrors": true,
  "javaScriptEnabled": true,
  "offline": false,
  "reducedMotion": "no-preference",
  "serviceWorkers": "allow",
  "slowMo": 0.0,
  "timeout": 30000.0,
  "viewport": {
    "height": 850,
    "width": 1270
  },
  "tracesDir": "C:\\Users\\mateu\\Desktop\\site-ecom-e2e\\browser\\traces\\c9cc9885-8b76-48af-9b80-2a6d37722ddb"
}</msg>
<msg time="2024-12-11T15:13:48.704990" level="INFO">Successfully created context. </msg>
<msg time="2024-12-11T15:13:48.705072" level="INFO">{'userDataDir': 'is_incognito=True', 'browser': 'chromium', 'headless': False, 'acceptDownloads': True, 'bypassCSP': False, 'chromiumSandbox': False, 'devtools': False, 'forcedColors': 'none', 'handleSIGHUP': True, 'handleSIGINT': True, 'handleSIGTERM': True, 'ignoreHTTPSErrors': True, 'javaScriptEnabled': True, 'offline': False, 'reducedMotion': 'no-preference', 'serviceWorkers': 'allow', 'slowMo': 0, 'timeout': 30000, 'viewport': {'height': 850, 'width': 1270}, 'tracesDir': 'C:\\Users\\mateu\\Desktop\\site-ecom-e2e\\browser\\traces\\c9cc9885-8b76-48af-9b80-2a6d37722ddb'}</msg>
<arg>is_incognito=True</arg>
<arg>headless=false</arg>
<arg>ignoreHTTPSErrors=true</arg>
<arg>viewport={'width': 1270, 'height': 850}</arg>
<doc>Open a new
[https://playwright.dev/docs/api/class-browsertype#browser-type-launch-persistent-context | persistent context].</doc>
<status status="PASS" start="2024-12-11T15:13:47.987118" elapsed="0.718191"/>
</kw>
<kw name="Delete All Cookies" owner="Browser">
<msg time="2024-12-11T15:13:48.722342" level="INFO">All cookies deleted.</msg>
<tag>BrowserControl</tag>
<tag>Setter</tag>
<doc>Deletes all cookies from the currently active browser context.</doc>
<status status="PASS" start="2024-12-11T15:13:48.705604" elapsed="0.016957"/>
</kw>
<kw name="Go To" owner="Browser">
<msg time="2024-12-11T15:13:50.161279" level="INFO">Successfully opened URL https://www.petz.com.br/checkout/login/indexLogado_Loja</msg>
<arg>https://www.petz.com.br/checkout/login/indexLogado_Loja</arg>
<tag>BrowserControl</tag>
<tag>Setter</tag>
<doc>Navigates to the given ``url``.</doc>
<status status="PASS" start="2024-12-11T15:13:48.722922" elapsed="1.438690"/>
</kw>
<status status="PASS" start="2024-12-11T15:13:47.986724" elapsed="2.175247"/>
</kw>
<kw name="Given im on the site" owner="commom">
<kw name="Validate Element" owner="commom">
<kw name="Wait For Elements State" owner="Browser">
<msg time="2024-12-11T15:13:50.214005" level="INFO">Waited for Element with selector xpath=//input[@placeholder="Digite seu e-mail ou CPF/CNPJ"] at state visible</msg>
<arg>${selector}</arg>
<arg>timeout=30 s</arg>
<tag>PageContent</tag>
<tag>Wait</tag>
<doc>Waits for the element found by ``selector`` to satisfy state option.</doc>
<status status="PASS" start="2024-12-11T15:13:50.163937" elapsed="0.050462"/>
</kw>
<arg>${emailTextField}</arg>
<status status="PASS" start="2024-12-11T15:13:50.163263" elapsed="0.051298"/>
</kw>
<status status="PASS" start="2024-12-11T15:13:50.162629" elapsed="0.052035"/>
</kw>
<kw name="And Do Login" owner="login">
<kw name="Fill in Login" owner="login">
<kw name="Validate and Fill Text" owner="commom">
<kw name="Wait For Elements State" owner="Browser">
<msg time="2024-12-11T15:13:50.223146" level="INFO">Waited for Element with selector xpath=//input[@placeholder="Digite seu e-mail ou CPF/CNPJ"] at state visible</msg>
<arg>${selector}</arg>
<arg>timeout=30 s</arg>
<tag>PageContent</tag>
<tag>Wait</tag>
<doc>Waits for the element found by ``selector`` to satisfy state option.</doc>
<status status="PASS" start="2024-12-11T15:13:50.216891" elapsed="0.006442"/>
</kw>
<kw name="Fill Text" owner="Browser">
<msg time="2024-12-11T15:13:50.224164" level="INFO">Fills the text '69782530140' in the given field.</msg>
<arg>${selector}</arg>
<arg>${text}</arg>
<tag>PageContent</tag>
<tag>Setter</tag>
<doc>Clears and fills the given ``txt`` into the text field found by ``selector``.</doc>
<status status="PASS" start="2024-12-11T15:13:50.223593" elapsed="0.018102"/>
</kw>
<arg>${emailTextField}</arg>
<arg>${email}</arg>
<status status="PASS" start="2024-12-11T15:13:50.216260" elapsed="0.025693"/>
</kw>
<kw name="Validate and Fill Text" owner="commom">
<kw name="Wait For Elements State" owner="Browser">
<msg time="2024-12-11T15:13:50.253135" level="INFO">Waited for Element with selector xpath=//input[@placeholder="Sua senha"] at state visible</msg>
<arg>${selector}</arg>
<arg>timeout=30 s</arg>
<tag>PageContent</tag>
<tag>Wait</tag>
<doc>Waits for the element found by ``selector`` to satisfy state option.</doc>
<status status="PASS" start="2024-12-11T15:13:50.242995" elapsed="0.010403"/>
</kw>
<kw name="Fill Text" owner="Browser">
<msg time="2024-12-11T15:13:50.254631" level="INFO">Fills the text '123456' in the given field.</msg>
<arg>${selector}</arg>
<arg>${text}</arg>
<tag>PageContent</tag>
<tag>Setter</tag>
<doc>Clears and fills the given ``txt`` into the text field found by ``selector``.</doc>
<status status="PASS" start="2024-12-11T15:13:50.253785" elapsed="0.022072"/>
</kw>
<arg>${passwordTextfield}</arg>
<arg>${password}</arg>
<status status="PASS" start="2024-12-11T15:13:50.242355" elapsed="0.033723"/>
</kw>
<kw name="Validate and Click" owner="commom">
<kw name="Wait For Elements State" owner="Browser">
<msg time="2024-12-11T15:13:50.287648" level="INFO">Waited for Element with selector xpath=//button[@class="ptz-btn ptz-btn-light-primary ptz-btn-md-full-width ptz-btn-left"] at state visible</msg>
<arg>${selector}</arg>
<arg>visible</arg>
<arg>timeout=30 s</arg>
<tag>PageContent</tag>
<tag>Wait</tag>
<doc>Waits for the element found by ``selector`` to satisfy state option.</doc>
<status status="PASS" start="2024-12-11T15:13:50.277402" elapsed="0.010527"/>
</kw>
<kw name="Click" owner="Browser">
<msg time="2024-12-11T15:13:50.289100" level="INFO">Clicks the element 'xpath=//button[@class="ptz-btn ptz-btn-light-primary ptz-btn-md-full-width ptz-btn-left"]'.</msg>
<arg>${selector}</arg>
<tag>PageContent</tag>
<tag>Setter</tag>
<doc>Simulates mouse click on the element found by ``selector``.</doc>
<status status="PASS" start="2024-12-11T15:13:50.288314" elapsed="0.046257"/>
</kw>
<arg>${submit}</arg>
<status status="PASS" start="2024-12-11T15:13:50.276454" elapsed="0.058290"/>
</kw>
<kw name="Validate Element" owner="commom">
<kw name="Wait For Elements State" owner="Browser">
<msg time="2024-12-11T15:13:58.578605" level="INFO">Waited for Element with selector xpath=//span[@class="ptz-header-profile-button-content-logged"][text()='Olá, Heloisa.'] at state visible</msg>
<arg>${selector}</arg>
<arg>timeout=30 s</arg>
<tag>PageContent</tag>
<tag>Wait</tag>
<doc>Waits for the element found by ``selector`` to satisfy state option.</doc>
<status status="PASS" start="2024-12-11T15:13:50.335460" elapsed="8.243308"/>
</kw>
<arg>${homeLoggedValidate}</arg>
<status status="PASS" start="2024-12-11T15:13:50.335000" elapsed="8.243873"/>
</kw>
<arg>${email}</arg>
<arg>${password}</arg>
<status status="PASS" start="2024-12-11T15:13:50.215708" elapsed="8.363227"/>
</kw>
<kw name="Sleep" owner="BuiltIn">
<msg time="2024-12-11T15:14:02.579508" level="INFO">Slept 4 seconds.</msg>
<arg>4</arg>
<doc>Pauses the test executed for the given time.</doc>
<status status="PASS" start="2024-12-11T15:13:58.579093" elapsed="4.000532"/>
</kw>
<arg>${UserMain}</arg>
<arg>${PasswordMain}</arg>
<status status="PASS" start="2024-12-11T15:13:50.215179" elapsed="12.364560"/>
</kw>
<kw name="And I Open The Section Of A Product In The Other Pets Category" owner="home">
<kw name="Validate and Click" owner="commom">
<kw name="Wait For Elements State" owner="Browser">
<msg time="2024-12-11T15:14:02.591499" level="INFO">Waited for Element with selector (//*[contains(text(),'Outros Pets')])[1] at state visible</msg>
<arg>${selector}</arg>
<arg>visible</arg>
<arg>timeout=30 s</arg>
<tag>PageContent</tag>
<tag>Wait</tag>
<doc>Waits for the element found by ``selector`` to satisfy state option.</doc>
<status status="PASS" start="2024-12-11T15:14:02.580979" elapsed="0.010704"/>
</kw>
<kw name="Click" owner="Browser">
<msg time="2024-12-11T15:14:02.592305" level="INFO">Clicks the element '(//*[contains(text(),'Outros Pets')])[1]'.</msg>
<arg>${selector}</arg>
<tag>PageContent</tag>
<tag>Setter</tag>
<doc>Simulates mouse click on the element found by ``selector``.</doc>
<status status="PASS" start="2024-12-11T15:14:02.591889" elapsed="2.166160"/>
</kw>
<arg>${OtherPetsCategoryButton}</arg>
<status status="PASS" start="2024-12-11T15:14:02.580647" elapsed="2.177611"/>
</kw>
<kw name="Validate and Click" owner="commom">
<kw name="Wait For Elements State" owner="Browser">
<msg time="2024-12-11T15:14:05.093412" level="INFO">Waited for Element with selector //a[@class='categoria-faceta']//*[contains(text(),'Coelhos')] at state visible</msg>
<arg>${selector}</arg>
<arg>visible</arg>
<arg>timeout=30 s</arg>
<tag>PageContent</tag>
<tag>Wait</tag>
<doc>Waits for the element found by ``selector`` to satisfy state option.</doc>
<status status="PASS" start="2024-12-11T15:14:04.759100" elapsed="0.334468"/>
</kw>
<kw name="Click" owner="Browser">
<msg time="2024-12-11T15:14:05.094185" level="INFO">Clicks the element '//a[@class='categoria-faceta']//*[contains(text(),'Coelhos')]'.</msg>
<arg>${selector}</arg>
<tag>PageContent</tag>
<tag>Setter</tag>
<doc>Simulates mouse click on the element found by ``selector``.</doc>
<status status="PASS" start="2024-12-11T15:14:05.093765" elapsed="2.338405"/>
</kw>
<arg>${RabbitButton}</arg>
<status status="PASS" start="2024-12-11T15:14:04.758585" elapsed="2.673710"/>
</kw>
<kw name="Validate and Click" owner="commom">
<kw name="Wait For Elements State" owner="Browser">
<msg time="2024-12-11T15:14:07.742426" level="INFO">Waited for Element with selector //a[@class='categoria-faceta']//*[contains(text(),'Ração')] at state visible</msg>
<arg>${selector}</arg>
<arg>visible</arg>
<arg>timeout=30 s</arg>
<tag>PageContent</tag>
<tag>Wait</tag>
<doc>Waits for the element found by ``selector`` to satisfy state option.</doc>
<status status="PASS" start="2024-12-11T15:14:07.432785" elapsed="0.309808"/>
</kw>
<kw name="Click" owner="Browser">
<msg time="2024-12-11T15:14:07.743247" level="INFO">Clicks the element '//a[@class='categoria-faceta']//*[contains(text(),'Ração')]'.</msg>
<arg>${selector}</arg>
<tag>PageContent</tag>
<tag>Setter</tag>
<doc>Simulates mouse click on the element found by ``selector``.</doc>
<status status="PASS" start="2024-12-11T15:14:07.742805" elapsed="2.320265"/>
</kw>
<arg>${RabbitFoodButton}</arg>
<status status="PASS" start="2024-12-11T15:14:07.432483" elapsed="2.630813"/>
</kw>
<status status="PASS" start="2024-12-11T15:14:02.580249" elapsed="7.483211"/>
</kw>
<kw name="Then The Products Of Other Pets Category Will Be Displayed" owner="home">
<kw name="Validate Element" owner="commom">
<kw name="Wait For Elements State" owner="Browser">
<msg time="2024-12-11T15:14:12.222416" level="INFO">Waited for Element with selector (//p[contains(text(),'para Roedores')])[1] at state visible</msg>
<arg>${selector}</arg>
<arg>timeout=30 s</arg>
<tag>PageContent</tag>
<tag>Wait</tag>
<doc>Waits for the element found by ``selector`` to satisfy state option.</doc>
<status status="PASS" start="2024-12-11T15:14:10.065030" elapsed="2.157567"/>
</kw>
<arg>${RabbitFoodProduct}</arg>
<status status="PASS" start="2024-12-11T15:14:10.064440" elapsed="2.158285"/>
</kw>
<status status="PASS" start="2024-12-11T15:14:10.063971" elapsed="2.158831"/>
</kw>
<kw name="Close Website" owner="commom" type="TEARDOWN">
<kw name="Sleep" owner="BuiltIn">
<msg time="2024-12-11T15:14:14.224772" level="INFO">Slept 2 seconds.</msg>
<arg>2</arg>
<doc>Pauses the test executed for the given time.</doc>
<status status="PASS" start="2024-12-11T15:14:12.223646" elapsed="2.001249"/>
</kw>
<kw name="Take Screenshot" owner="Browser">
<msg time="2024-12-11T15:14:14.377429" level="INFO" html="true">&lt;/td&gt;&lt;/tr&gt;&lt;tr&gt;&lt;td colspan="3"&gt;&lt;a href="browser/screenshot/robotframework-browser-screenshot-5.png" target="_blank"&gt;&lt;img src="browser/screenshot/robotframework-browser-screenshot-5.png" width="800px"/&gt;&lt;/a&gt;</msg>
<tag>PageContent</tag>
<doc>Takes a screenshot of the current window or element and saves it to disk.</doc>
<status status="PASS" start="2024-12-11T15:14:14.225130" elapsed="0.152443"/>
</kw>
<kw name="Close Browser" owner="Browser">
<msg time="2024-12-11T15:14:14.768812" level="INFO">Closed browser</msg>
<tag>BrowserControl</tag>
<tag>Setter</tag>
<doc>Closes the current browser.</doc>
<status status="PASS" start="2024-12-11T15:14:14.377872" elapsed="0.391194"/>
</kw>
<status status="PASS" start="2024-12-11T15:14:12.223297" elapsed="2.545958"/>
</kw>
<status status="PASS" start="2024-12-11T15:13:47.983534" elapsed="26.786000"/>
</test>
<test id="s1-s1-t6" name="Test Case 006: House And Garden Category" line="44">
<kw name="Open Website" owner="commom" type="SETUP">
<kw name="New Persistent Context" owner="Browser">
<msg time="2024-12-11T15:14:14.810546" level="INFO">{
  "userDataDir": "is_incognito=True",
  "browser": "chromium",
  "headless": false,
  "acceptDownloads": true,
  "bypassCSP": false,
  "chromiumSandbox": false,
  "devtools": false,
  "forcedColors": "none",
  "handleSIGHUP": true,
  "handleSIGINT": true,
  "handleSIGTERM": true,
  "ignoreHTTPSErrors": true,
  "javaScriptEnabled": true,
  "offline": false,
  "reducedMotion": "no-preference",
  "serviceWorkers": "allow",
  "slowMo": 0.0,
  "timeout": 30000.0,
  "viewport": {
    "height": 850,
    "width": 1270
  },
  "tracesDir": "C:\\Users\\mateu\\Desktop\\site-ecom-e2e\\browser\\traces\\3862e4eb-828b-4d03-9946-fb607b1a90fe"
}</msg>
<msg time="2024-12-11T15:14:15.381750" level="INFO">Successfully created context. </msg>
<msg time="2024-12-11T15:14:15.382077" level="INFO">{'userDataDir': 'is_incognito=True', 'browser': 'chromium', 'headless': False, 'acceptDownloads': True, 'bypassCSP': False, 'chromiumSandbox': False, 'devtools': False, 'forcedColors': 'none', 'handleSIGHUP': True, 'handleSIGINT': True, 'handleSIGTERM': True, 'ignoreHTTPSErrors': True, 'javaScriptEnabled': True, 'offline': False, 'reducedMotion': 'no-preference', 'serviceWorkers': 'allow', 'slowMo': 0, 'timeout': 30000, 'viewport': {'height': 850, 'width': 1270}, 'tracesDir': 'C:\\Users\\mateu\\Desktop\\site-ecom-e2e\\browser\\traces\\3862e4eb-828b-4d03-9946-fb607b1a90fe'}</msg>
<arg>is_incognito=True</arg>
<arg>headless=false</arg>
<arg>ignoreHTTPSErrors=true</arg>
<arg>viewport={'width': 1270, 'height': 850}</arg>
<doc>Open a new
[https://playwright.dev/docs/api/class-browsertype#browser-type-launch-persistent-context | persistent context].</doc>
<status status="PASS" start="2024-12-11T15:14:14.809856" elapsed="0.572868"/>
</kw>
<kw name="Delete All Cookies" owner="Browser">
<msg time="2024-12-11T15:14:15.412884" level="INFO">All cookies deleted.</msg>
<tag>BrowserControl</tag>
<tag>Setter</tag>
<doc>Deletes all cookies from the currently active browser context.</doc>
<status status="PASS" start="2024-12-11T15:14:15.383815" elapsed="0.029357"/>
</kw>
<kw name="Go To" owner="Browser">
<msg time="2024-12-11T15:14:16.791599" level="INFO">Successfully opened URL https://www.petz.com.br/checkout/login/indexLogado_Loja</msg>
<arg>https://www.petz.com.br/checkout/login/indexLogado_Loja</arg>
<tag>BrowserControl</tag>
<tag>Setter</tag>
<doc>Navigates to the given ``url``.</doc>
<status status="PASS" start="2024-12-11T15:14:15.413708" elapsed="1.378102"/>
</kw>
<status status="PASS" start="2024-12-11T15:14:14.809579" elapsed="1.982415"/>
</kw>
<kw name="Given im on the site" owner="commom">
<kw name="Validate Element" owner="commom">
<kw name="Wait For Elements State" owner="Browser">
<msg time="2024-12-11T15:14:16.838986" level="INFO">Waited for Element with selector xpath=//input[@placeholder="Digite seu e-mail ou CPF/CNPJ"] at state visible</msg>
<arg>${selector}</arg>
<arg>timeout=30 s</arg>
<tag>PageContent</tag>
<tag>Wait</tag>
<doc>Waits for the element found by ``selector`` to satisfy state option.</doc>
<status status="PASS" start="2024-12-11T15:14:16.793778" elapsed="0.045397"/>
</kw>
<arg>${emailTextField}</arg>
<status status="PASS" start="2024-12-11T15:14:16.793279" elapsed="0.046045"/>
</kw>
<status status="PASS" start="2024-12-11T15:14:16.792627" elapsed="0.046783"/>
</kw>
<kw name="And Do Login" owner="login">
<kw name="Fill in Login" owner="login">
<kw name="Validate and Fill Text" owner="commom">
<kw name="Wait For Elements State" owner="Browser">
<msg time="2024-12-11T15:14:16.849134" level="INFO">Waited for Element with selector xpath=//input[@placeholder="Digite seu e-mail ou CPF/CNPJ"] at state visible</msg>
<arg>${selector}</arg>
<arg>timeout=30 s</arg>
<tag>PageContent</tag>
<tag>Wait</tag>
<doc>Waits for the element found by ``selector`` to satisfy state option.</doc>
<status status="PASS" start="2024-12-11T15:14:16.842034" elapsed="0.007293"/>
</kw>
<kw name="Fill Text" owner="Browser">
<msg time="2024-12-11T15:14:16.850222" level="INFO">Fills the text '69782530140' in the given field.</msg>
<arg>${selector}</arg>
<arg>${text}</arg>
<tag>PageContent</tag>
<tag>Setter</tag>
<doc>Clears and fills the given ``txt`` into the text field found by ``selector``.</doc>
<status status="PASS" start="2024-12-11T15:14:16.849590" elapsed="0.020138"/>
</kw>
<arg>${emailTextField}</arg>
<arg>${email}</arg>
<status status="PASS" start="2024-12-11T15:14:16.841491" elapsed="0.028561"/>
</kw>
<kw name="Validate and Fill Text" owner="commom">
<kw name="Wait For Elements State" owner="Browser">
<msg time="2024-12-11T15:14:16.879186" level="INFO">Waited for Element with selector xpath=//input[@placeholder="Sua senha"] at state visible</msg>
<arg>${selector}</arg>
<arg>timeout=30 s</arg>
<tag>PageContent</tag>
<tag>Wait</tag>
<doc>Waits for the element found by ``selector`` to satisfy state option.</doc>
<status status="PASS" start="2024-12-11T15:14:16.871642" elapsed="0.007875"/>
</kw>
<kw name="Fill Text" owner="Browser">
<msg time="2024-12-11T15:14:16.881551" level="INFO">Fills the text '123456' in the given field.</msg>
<arg>${selector}</arg>
<arg>${text}</arg>
<tag>PageContent</tag>
<tag>Setter</tag>
<doc>Clears and fills the given ``txt`` into the text field found by ``selector``.</doc>
<status status="PASS" start="2024-12-11T15:14:16.879840" elapsed="0.021526"/>
</kw>
<arg>${passwordTextfield}</arg>
<arg>${password}</arg>
<status status="PASS" start="2024-12-11T15:14:16.870815" elapsed="0.030811"/>
</kw>
<kw name="Validate and Click" owner="commom">
<kw name="Wait For Elements State" owner="Browser">
<msg time="2024-12-11T15:14:16.911423" level="INFO">Waited for Element with selector xpath=//button[@class="ptz-btn ptz-btn-light-primary ptz-btn-md-full-width ptz-btn-left"] at state visible</msg>
<arg>${selector}</arg>
<arg>visible</arg>
<arg>timeout=30 s</arg>
<tag>PageContent</tag>
<tag>Wait</tag>
<doc>Waits for the element found by ``selector`` to satisfy state option.</doc>
<status status="PASS" start="2024-12-11T15:14:16.902899" elapsed="0.008843"/>
</kw>
<kw name="Click" owner="Browser">
<msg time="2024-12-11T15:14:16.913355" level="INFO">Clicks the element 'xpath=//button[@class="ptz-btn ptz-btn-light-primary ptz-btn-md-full-width ptz-btn-left"]'.</msg>
<arg>${selector}</arg>
<tag>PageContent</tag>
<tag>Setter</tag>
<doc>Simulates mouse click on the element found by ``selector``.</doc>
<status status="PASS" start="2024-12-11T15:14:16.912148" elapsed="0.039117"/>
</kw>
<arg>${submit}</arg>
<status status="PASS" start="2024-12-11T15:14:16.902037" elapsed="0.049443"/>
</kw>
<kw name="Validate Element" owner="commom">
<kw name="Wait For Elements State" owner="Browser">
<msg time="2024-12-11T15:14:25.349896" level="INFO">Waited for Element with selector xpath=//span[@class="ptz-header-profile-button-content-logged"][text()='Olá, Heloisa.'] at state visible</msg>
<arg>${selector}</arg>
<arg>timeout=30 s</arg>
<tag>PageContent</tag>
<tag>Wait</tag>
<doc>Waits for the element found by ``selector`` to satisfy state option.</doc>
<status status="PASS" start="2024-12-11T15:14:16.952140" elapsed="8.398048"/>
</kw>
<arg>${homeLoggedValidate}</arg>
<status status="PASS" start="2024-12-11T15:14:16.951716" elapsed="8.398688"/>
</kw>
<arg>${email}</arg>
<arg>${password}</arg>
<status status="PASS" start="2024-12-11T15:14:16.840532" elapsed="8.509938"/>
</kw>
<kw name="Sleep" owner="BuiltIn">
<msg time="2024-12-11T15:14:29.351318" level="INFO">Slept 4 seconds.</msg>
<arg>4</arg>
<doc>Pauses the test executed for the given time.</doc>
<status status="PASS" start="2024-12-11T15:14:25.350629" elapsed="4.001026"/>
</kw>
<arg>${UserMain}</arg>
<arg>${PasswordMain}</arg>
<status status="PASS" start="2024-12-11T15:14:16.839871" elapsed="12.512057"/>
</kw>
<kw name="And I Open The Section Of A Product In The House And Garden Category" owner="home">
<kw name="Validate and Click" owner="commom">
<kw name="Wait For Elements State" owner="Browser">
<msg time="2024-12-11T15:14:29.373514" level="INFO">Waited for Element with selector (//*[contains(text(),'Casa e Jardim')])[1] at state visible</msg>
<arg>${selector}</arg>
<arg>visible</arg>
<arg>timeout=30 s</arg>
<tag>PageContent</tag>
<tag>Wait</tag>
<doc>Waits for the element found by ``selector`` to satisfy state option.</doc>
<status status="PASS" start="2024-12-11T15:14:29.354455" elapsed="0.019419"/>
</kw>
<kw name="Click" owner="Browser">
<msg time="2024-12-11T15:14:29.375440" level="INFO">Clicks the element '(//*[contains(text(),'Casa e Jardim')])[1]'.</msg>
<arg>${selector}</arg>
<tag>PageContent</tag>
<tag>Setter</tag>
<doc>Simulates mouse click on the element found by ``selector``.</doc>
<status status="PASS" start="2024-12-11T15:14:29.374445" elapsed="2.057314"/>
</kw>
<arg>${HouseGardenCategoryButton}</arg>
<status status="PASS" start="2024-12-11T15:14:29.353690" elapsed="2.078251"/>
</kw>
<kw name="Validate and Click" owner="commom">
<kw name="Wait For Elements State" owner="Browser">
<msg time="2024-12-11T15:14:31.811077" level="INFO">Waited for Element with selector //a[@class='categoria-faceta']//*[contains(text(),'Jardim')] at state visible</msg>
<arg>${selector}</arg>
<arg>visible</arg>
<arg>timeout=30 s</arg>
<tag>PageContent</tag>
<tag>Wait</tag>
<doc>Waits for the element found by ``selector`` to satisfy state option.</doc>
<status status="PASS" start="2024-12-11T15:14:31.432536" elapsed="0.378738"/>
</kw>
<kw name="Click" owner="Browser">
<msg time="2024-12-11T15:14:31.811877" level="INFO">Clicks the element '//a[@class='categoria-faceta']//*[contains(text(),'Jardim')]'.</msg>
<arg>${selector}</arg>
<tag>PageContent</tag>
<tag>Setter</tag>
<doc>Simulates mouse click on the element found by ``selector``.</doc>
<status status="PASS" start="2024-12-11T15:14:31.811481" elapsed="3.402544"/>
</kw>
<arg>${GardenButton}</arg>
<status status="PASS" start="2024-12-11T15:14:31.432154" elapsed="3.782059"/>
</kw>
<kw name="Validate and Click" owner="commom">
<kw name="Wait For Elements State" owner="Browser">
<msg time="2024-12-11T15:14:35.530679" level="INFO">Waited for Element with selector //a[@class='categoria-faceta']//*[contains(text(),'Sementes')] at state visible</msg>
<arg>${selector}</arg>
<arg>visible</arg>
<arg>timeout=30 s</arg>
<tag>PageContent</tag>
<tag>Wait</tag>
<doc>Waits for the element found by ``selector`` to satisfy state option.</doc>
<status status="PASS" start="2024-12-11T15:14:35.215059" elapsed="0.315830"/>
</kw>
<kw name="Click" owner="Browser">
<msg time="2024-12-11T15:14:35.532440" level="INFO">Clicks the element '//a[@class='categoria-faceta']//*[contains(text(),'Sementes')]'.</msg>
<arg>${selector}</arg>
[...]
<status status="PASS" start="2024-12-11T15:23:57.808683" elapsed="0.512348"/>
</kw>
<status status="PASS" start="2024-12-11T15:23:55.822082" elapsed="2.499117"/>
</kw>
<kw name="Wait For Elements State" owner="Browser">
<msg time="2024-12-11T15:23:58.726354" level="INFO">Waited for Element with selector //button[contains(@class,'ptz-btn ptz-btn-light-primary ptz-btn-sm ptz-btn-left')] at state visible</msg>
<arg>${AddToBagXpath}</arg>
<arg>Visible</arg>
<tag>PageContent</tag>
<tag>Wait</tag>
<doc>Waits for the element found by ``selector`` to satisfy state option.</doc>
<status status="PASS" start="2024-12-11T15:23:58.321428" elapsed="0.405190"/>
</kw>
<kw name="Click" owner="Browser">
<msg time="2024-12-11T15:23:58.727478" level="INFO">Clicks the element '//button[contains(@class,'ptz-btn ptz-btn-light-primary ptz-btn-sm ptz-btn-left')]'.</msg>
<arg>${AddToBagXpath}</arg>
<tag>PageContent</tag>
<tag>Setter</tag>
<doc>Simulates mouse click on the element found by ``selector``.</doc>
<status status="PASS" start="2024-12-11T15:23:58.726925" elapsed="2.413504"/>
</kw>
<status status="PASS" start="2024-12-11T15:23:55.821611" elapsed="5.319000"/>
</kw>
<kw name="And select delivery type" owner="bag">
<if>
<branch type="IF" condition="'${DeliveryNumber}' == 'economic'">
<kw name="Click" owner="Browser">
<arg>${EconomicDeliveryXpath}</arg>
<tag>PageContent</tag>
<tag>Setter</tag>
<doc>Simulates mouse click on the element found by ``selector``.</doc>
<status status="NOT RUN" start="2024-12-11T15:24:01.141634" elapsed="0.000041"/>
</kw>
<kw name="Wait For Elements State" owner="Browser">
<arg>${DeliveryChecked}</arg>
<tag>PageContent</tag>
<tag>Wait</tag>
<doc>Waits for the element found by ``selector`` to satisfy state option.</doc>
<status status="NOT RUN" start="2024-12-11T15:24:01.141813" elapsed="0.000031"/>
</kw>
<status status="NOT RUN" start="2024-12-11T15:24:01.141381" elapsed="0.000510"/>
</branch>
<branch type="ELSE IF" condition="'${DeliveryNumber}' == 'express'">
<kw name="Click" owner="Browser">
<arg>${ExpressDeliveryXpath}</arg>
<tag>PageContent</tag>
<tag>Setter</tag>
<doc>Simulates mouse click on the element found by ``selector``.</doc>
<status status="NOT RUN" start="2024-12-11T15:24:01.142167" elapsed="0.000029"/>
</kw>
<kw name="Wait For Elements State" owner="Browser">
<arg>${DeliveryChecked}</arg>
<tag>PageContent</tag>
<tag>Wait</tag>
<doc>Waits for the element found by ``selector`` to satisfy state option.</doc>
<status status="NOT RUN" start="2024-12-11T15:24:01.142316" elapsed="0.000027"/>
</kw>
<status status="NOT RUN" start="2024-12-11T15:24:01.141933" elapsed="0.000454"/>
</branch>
<branch type="ELSE IF" condition="'${DeliveryNumber}' == 'schedule'">
<kw name="Click" owner="Browser">
<arg>${ScheduleDeliveryXpath}</arg>
<tag>PageContent</tag>
<tag>Setter</tag>
<doc>Simulates mouse click on the element found by ``selector``.</doc>
<status status="NOT RUN" start="2024-12-11T15:24:01.142584" elapsed="0.000027"/>
</kw>
<kw name="Wait For Elements State" owner="Browser">
<arg>${SchedulePopup}</arg>
<arg>Visible</arg>
<tag>PageContent</tag>
<tag>Wait</tag>
<doc>Waits for the element found by ``selector`` to satisfy state option.</doc>
<status status="NOT RUN" start="2024-12-11T15:24:01.142729" elapsed="0.000027"/>
</kw>
<kw name="Click" owner="Browser">
<arg>${FirstOptionSchedule}</arg>
<tag>PageContent</tag>
<tag>Setter</tag>
<doc>Simulates mouse click on the element found by ``selector``.</doc>
<status status="NOT RUN" start="2024-12-11T15:24:01.142866" elapsed="0.000026"/>
</kw>
<kw name="Click" owner="Browser">
<arg>${FirstHourOptionSchedule}</arg>
<tag>PageContent</tag>
<tag>Setter</tag>
<doc>Simulates mouse click on the element found by ``selector``.</doc>
<status status="NOT RUN" start="2024-12-11T15:24:01.143005" elapsed="0.000028"/>
</kw>
<kw name="Click" owner="Browser">
<arg>${ButtonFinishSchedule}</arg>
<tag>PageContent</tag>
<tag>Setter</tag>
<doc>Simulates mouse click on the element found by ``selector``.</doc>
<status status="NOT RUN" start="2024-12-11T15:24:01.143142" elapsed="0.000027"/>
</kw>
<kw name="Wait For Elements State" owner="Browser">
<arg>${DeliveryChecked}</arg>
<tag>PageContent</tag>
<tag>Wait</tag>
<doc>Waits for the element found by ``selector`` to satisfy state option.</doc>
<status status="NOT RUN" start="2024-12-11T15:24:01.143289" elapsed="0.000028"/>
</kw>
<status status="NOT RUN" start="2024-12-11T15:24:01.142421" elapsed="0.000950"/>
</branch>
<branch type="ELSE IF" condition="'${DeliveryNumber}' == 'pickup'">
<kw name="Click" owner="Browser">
<msg time="2024-12-11T15:24:01.144675" level="INFO">Clicks the element 'xpath=//button[@type='button'][contains(.,'Retire na Loja')]'.</msg>
<arg>${PickupDeliveryXpath}</arg>
<tag>PageContent</tag>
<tag>Setter</tag>
<doc>Simulates mouse click on the element found by ``selector``.</doc>
<status status="PASS" start="2024-12-11T15:24:01.143792" elapsed="8.969279"/>
</kw>
<kw name="Wait For Elements State" owner="Browser">
<msg time="2024-12-11T15:24:10.118522" level="INFO">Waited for Element with selector xpath=//div[@class='modal-header'][contains(.,'Escolha a loja para retirar o pedido')] at state visible</msg>
<arg>${PickupPopup}</arg>
<arg>Visible</arg>
<tag>PageContent</tag>
<tag>Wait</tag>
<doc>Waits for the element found by ``selector`` to satisfy state option.</doc>
<status status="PASS" start="2024-12-11T15:24:10.113373" elapsed="0.005296"/>
</kw>
<kw name="Click" owner="Browser">
<msg time="2024-12-11T15:24:10.119267" level="INFO">Clicks the element 'xpath=//span[@class='control-label'][contains(.,'Petz Santa Cecília0.5 km Av. General Olímpio da Silveira, 68 - Santa Cecília - São Paulo/SPHorário de Funcionamento:Todos os dias - das 09:00 às 22:00 Contato: (011) 2181-7335 A partir de 45 minutos')]'.</msg>
<msg time="2024-12-11T15:24:20.276618" level="INFO" html="true">&lt;/td&gt;&lt;/tr&gt;&lt;tr&gt;&lt;td colspan="3"&gt;&lt;a href="browser/screenshot/fail-screenshot-11.png" target="_blank"&gt;&lt;img src="browser/screenshot/fail-screenshot-11.png" width="800px"/&gt;&lt;/a&gt;</msg>
<msg time="2024-12-11T15:24:20.276762" level="INFO">See also file:///C:/Users/mateu/Desktop/site-ecom-e2e/playwright-log.txt for additional details.</msg>
<msg time="2024-12-11T15:24:20.276872" level="FAIL">TimeoutError: locator.click: Timeout 10000ms exceeded.
Call log:
  - waiting for locator('//span[@class=\'control-label\'][contains(.,\'Petz Santa Cecília0.5 km Av. General Olímpio da Silveira, 68 - Santa Cecília - São Paulo/SPHorário de Funcionamento:Todos os dias - das 09:00 às 22:00 Contato: (011) 2181-7335 A partir de 45 minutos\')]')
</msg>
<arg>${FirstOptionPickup}</arg>
<tag>PageContent</tag>
<tag>Setter</tag>
<doc>Simulates mouse click on the element found by ``selector``.</doc>
<status status="FAIL" start="2024-12-11T15:24:10.118871" elapsed="10.160249">TimeoutError: locator.click: Timeout 10000ms exceeded.
Call log:
  - waiting for locator('//span[@class=\'control-label\'][contains(.,\'Petz Santa Cecília0.5 km Av. General Olímpio da Silveira, 68 - Santa Cecília - São Paulo/SPHorário de Funcionamento:Todos os dias - das 09:00 às 22:00 Contato: (011) 2181-7335 A partir de 45 minutos\')]')
</status>
</kw>
<kw name="Validate and Click" owner="commom">
<arg>${ButtonConfirmPickup}</arg>
<status status="NOT RUN" start="2024-12-11T15:24:20.279442" elapsed="0.000057"/>
</kw>
<kw name="Wait For Elements State" owner="Browser">
<arg>${DeliveryChecked}</arg>
<tag>PageContent</tag>
<tag>Wait</tag>
<doc>Waits for the element found by ``selector`` to satisfy state option.</doc>
<status status="NOT RUN" start="2024-12-11T15:24:20.279701" elapsed="0.000043"/>
</kw>
<status status="FAIL" start="2024-12-11T15:24:01.143435" elapsed="19.136410">TimeoutError: locator.click: Timeout 10000ms exceeded.
Call log:
  - waiting for locator('//span[@class=\'control-label\'][contains(.,\'Petz Santa Cecília0.5 km Av. General Olímpio da Silveira, 68 - Santa Cecília - São Paulo/SPHorário de Funcionamento:Todos os dias - das 09:00 às 22:00 Contato: (011) 2181-7335 A partir de 45 minutos\')]')
</status>
</branch>
<status status="FAIL" start="2024-12-11T15:24:01.141362" elapsed="19.138558">TimeoutError: locator.click: Timeout 10000ms exceeded.
Call log:
  - waiting for locator('//span[@class=\'control-label\'][contains(.,\'Petz Santa Cecília0.5 km Av. General Olímpio da Silveira, 68 - Santa Cecília - São Paulo/SPHorário de Funcionamento:Todos os dias - das 09:00 às 22:00 Contato: (011) 2181-7335 A partir de 45 minutos\')]')
</status>
</if>
<kw name="Sleep" owner="BuiltIn">
<arg>1</arg>
<doc>Pauses the test executed for the given time.</doc>
<status status="NOT RUN" start="2024-12-11T15:24:20.280110" elapsed="0.000041"/>
</kw>
<arg>pickup</arg>
<status status="FAIL" start="2024-12-11T15:24:01.141128" elapsed="19.139160">TimeoutError: locator.click: Timeout 10000ms exceeded.
Call log:
  - waiting for locator('//span[@class=\'control-label\'][contains(.,\'Petz Santa Cecília0.5 km Av. General Olímpio da Silveira, 68 - Santa Cecília - São Paulo/SPHorário de Funcionamento:Todos os dias - das 09:00 às 22:00 Contato: (011) 2181-7335 A partir de 45 minutos\')]')
</status>
</kw>
<kw name="And subscribe product" owner="bag">
<arg>1</arg>
<status status="NOT RUN" start="2024-12-11T15:24:20.280743" elapsed="0.000048"/>
</kw>
<kw name="And go to checkout" owner="bag">
<status status="NOT RUN" start="2024-12-11T15:24:20.281142" elapsed="0.000036"/>
</kw>
<kw name="And fill fields of credit card" owner="checkout">
<status status="NOT RUN" start="2024-12-11T15:24:20.281483" elapsed="0.000040"/>
</kw>
<kw name="And check terms and conditions of subscribe" owner="checkout">
<status status="NOT RUN" start="2024-12-11T15:24:20.282015" elapsed="0.000035"/>
</kw>
<kw name="And finish order" owner="checkout">
<status status="NOT RUN" start="2024-12-11T15:24:20.282319" elapsed="0.000035"/>
</kw>
<kw name="Close Website" owner="commom" type="TEARDOWN">
<kw name="Sleep" owner="BuiltIn">
<msg time="2024-12-11T15:24:22.283627" level="INFO">Slept 2 seconds.</msg>
<arg>2</arg>
<doc>Pauses the test executed for the given time.</doc>
<status status="PASS" start="2024-12-11T15:24:20.282969" elapsed="2.000950"/>
</kw>
<kw name="Take Screenshot" owner="Browser">
<msg time="2024-12-11T15:24:22.402917" level="INFO" html="true">&lt;/td&gt;&lt;/tr&gt;&lt;tr&gt;&lt;td colspan="3"&gt;&lt;a href="browser/screenshot/robotframework-browser-screenshot-19.png" target="_blank"&gt;&lt;img src="browser/screenshot/robotframework-browser-screenshot-19.png" width="800px"/&gt;&lt;/a&gt;</msg>
<tag>PageContent</tag>
<doc>Takes a screenshot of the current window or element and saves it to disk.</doc>
<status status="PASS" start="2024-12-11T15:24:22.284316" elapsed="0.118742"/>
</kw>
<kw name="Close Browser" owner="Browser">
<msg time="2024-12-11T15:24:22.643580" level="INFO">Closed browser</msg>
<tag>BrowserControl</tag>
<tag>Setter</tag>
<doc>Closes the current browser.</doc>
<status status="PASS" start="2024-12-11T15:24:22.403236" elapsed="0.240567"/>
</kw>
<status status="PASS" start="2024-12-11T15:24:20.282704" elapsed="2.361245"/>
</kw>
<doc>O cenário em questão valida a criação de uma assinatura</doc>
<tag>CreateSubscription</tag>
<tag>Positive</tag>
<tag>Regression</tag>
<status status="FAIL" start="2024-12-11T15:23:40.816710" elapsed="41.827497">TimeoutError: locator.click: Timeout 10000ms exceeded.
Call log:
  - waiting for locator('//span[@class=\'control-label\'][contains(.,\'Petz Santa Cecília0.5 km Av. General Olímpio da Silveira, 68 - Santa Cecília - São Paulo/SPHorário de Funcionamento:Todos os dias - das 09:00 às 22:00 Contato: (011) 2181-7335 A partir de 45 minutos\')]')
</status>
</test>
<test id="s1-s8-t5" name="Test Case 005: Cancel subscription with option 1" line="77">
<kw name="Open Website" owner="commom" type="SETUP">
<kw name="New Persistent Context" owner="Browser">
<msg time="2024-12-11T15:24:22.673784" level="INFO">{
  "userDataDir": "is_incognito=True",
  "browser": "chromium",
  "headless": false,
  "acceptDownloads": true,
  "bypassCSP": false,
  "chromiumSandbox": false,
  "devtools": false,
  "forcedColors": "none",
  "handleSIGHUP": true,
  "handleSIGINT": true,
  "handleSIGTERM": true,
  "ignoreHTTPSErrors": true,
  "javaScriptEnabled": true,
  "offline": false,
  "reducedMotion": "no-preference",
  "serviceWorkers": "allow",
  "slowMo": 0.0,
  "timeout": 30000.0,
  "viewport": {
    "height": 850,
    "width": 1270
  },
  "tracesDir": "C:\\Users\\mateu\\Desktop\\site-ecom-e2e\\browser\\traces\\df9a28fd-363f-4baa-8c47-f59035ef06a4"
}</msg>
<msg time="2024-12-11T15:24:23.182588" level="INFO">Successfully created context. </msg>
<msg time="2024-12-11T15:24:23.182697" level="INFO">{'userDataDir': 'is_incognito=True', 'browser': 'chromium', 'headless': False, 'acceptDownloads': True, 'bypassCSP': False, 'chromiumSandbox': False, 'devtools': False, 'forcedColors': 'none', 'handleSIGHUP': True, 'handleSIGINT': True, 'handleSIGTERM': True, 'ignoreHTTPSErrors': True, 'javaScriptEnabled': True, 'offline': False, 'reducedMotion': 'no-preference', 'serviceWorkers': 'allow', 'slowMo': 0, 'timeout': 30000, 'viewport': {'height': 850, 'width': 1270}, 'tracesDir': 'C:\\Users\\mateu\\Desktop\\site-ecom-e2e\\browser\\traces\\df9a28fd-363f-4baa-8c47-f59035ef06a4'}</msg>
<arg>is_incognito=True</arg>
<arg>headless=false</arg>
<arg>ignoreHTTPSErrors=true</arg>
<arg>viewport={'width': 1270, 'height': 850}</arg>
<doc>Open a new
[https://playwright.dev/docs/api/class-browsertype#browser-type-launch-persistent-context | persistent context].</doc>
<status status="PASS" start="2024-12-11T15:24:22.672785" elapsed="0.510223"/>
</kw>
<kw name="Delete All Cookies" owner="Browser">
<msg time="2024-12-11T15:24:23.203445" level="INFO">All cookies deleted.</msg>
<tag>BrowserControl</tag>
<tag>Setter</tag>
<doc>Deletes all cookies from the currently active browser context.</doc>
<status status="PASS" start="2024-12-11T15:24:23.183477" elapsed="0.020574"/>
</kw>
<kw name="Go To" owner="Browser">
<msg time="2024-12-11T15:24:24.199639" level="INFO">Successfully opened URL https://www.petz.com.br/checkout/login/indexLogado_Loja</msg>
<arg>https://www.petz.com.br/checkout/login/indexLogado_Loja</arg>
<tag>BrowserControl</tag>
<tag>Setter</tag>
<doc>Navigates to the given ``url``.</doc>
<status status="PASS" start="2024-12-11T15:24:23.204438" elapsed="0.995519"/>
</kw>
<status status="PASS" start="2024-12-11T15:24:22.672399" elapsed="1.528158"/>
</kw>
<kw name="Given im on the site" owner="commom">
<kw name="Validate Element" owner="commom">
<kw name="Wait For Elements State" owner="Browser">
<msg time="2024-12-11T15:24:24.237997" level="INFO">Waited for Element with selector xpath=//input[@placeholder="Digite seu e-mail ou CPF/CNPJ"] at state visible</msg>
<arg>${selector}</arg>
<arg>timeout=30 s</arg>
<tag>PageContent</tag>
<tag>Wait</tag>
<doc>Waits for the element found by ``selector`` to satisfy state option.</doc>
<status status="PASS" start="2024-12-11T15:24:24.205410" elapsed="0.032791"/>
</kw>
<arg>${emailTextField}</arg>
<status status="PASS" start="2024-12-11T15:24:24.204120" elapsed="0.034211"/>
</kw>
<status status="PASS" start="2024-12-11T15:24:24.203114" elapsed="0.035293"/>
</kw>
<kw name="And Do Login" owner="login">
<kw name="Fill in Login" owner="login">
<kw name="Validate and Fill Text" owner="commom">
<kw name="Wait For Elements State" owner="Browser">
<msg time="2024-12-11T15:24:24.250642" level="INFO">Waited for Element with selector xpath=//input[@placeholder="Digite seu e-mail ou CPF/CNPJ"] at state visible</msg>
<arg>${selector}</arg>
<arg>timeout=30 s</arg>
<tag>PageContent</tag>
<tag>Wait</tag>
<doc>Waits for the element found by ``selector`` to satisfy state option.</doc>
<status status="PASS" start="2024-12-11T15:24:24.241064" elapsed="0.009853"/>
</kw>
<kw name="Fill Text" owner="Browser">
<msg time="2024-12-11T15:24:24.251978" level="INFO">Fills the text '69782530140' in the given field.</msg>
<arg>${selector}</arg>
<arg>${text}</arg>
<tag>PageContent</tag>
<tag>Setter</tag>
<doc>Clears and fills the given ``txt`` into the text field found by ``selector``.</doc>
<status status="PASS" start="2024-12-11T15:24:24.251233" elapsed="0.017474"/>
</kw>
<arg>${emailTextField}</arg>
<arg>${email}</arg>
<status status="PASS" start="2024-12-11T15:24:24.240345" elapsed="0.028484"/>
</kw>
<kw name="Validate and Fill Text" owner="commom">
<kw name="Wait For Elements State" owner="Browser">
<msg time="2024-12-11T15:24:24.274816" level="INFO">Waited for Element with selector xpath=//input[@placeholder="Sua senha"] at state visible</msg>
<arg>${selector}</arg>
<arg>timeout=30 s</arg>
<tag>PageContent</tag>
<tag>Wait</tag>
<doc>Waits for the element found by ``selector`` to satisfy state option.</doc>
<status status="PASS" start="2024-12-11T15:24:24.269509" elapsed="0.005464"/>
</kw>
<kw name="Fill Text" owner="Browser">
<msg time="2024-12-11T15:24:24.275600" level="INFO">Fills the text '123456' in the given field.</msg>
<arg>${selector}</arg>
<arg>${text}</arg>
<tag>PageContent</tag>
<tag>Setter</tag>
<doc>Clears and fills the given ``txt`` into the text field found by ``selector``.</doc>
<status status="PASS" start="2024-12-11T15:24:24.275169" elapsed="0.014015"/>
</kw>
<arg>${passwordTextfield}</arg>
<arg>${password}</arg>
<status status="PASS" start="2024-12-11T15:24:24.269044" elapsed="0.020323"/>
</kw>
<kw name="Validate and Click" owner="commom">
<kw name="Wait For Elements State" owner="Browser">
<msg time="2024-12-11T15:24:24.295733" level="INFO">Waited for Element with selector xpath=//button[@class="ptz-btn ptz-btn-light-primary ptz-btn-md-full-width ptz-btn-left"] at state visible</msg>
<arg>${selector}</arg>
<arg>visible</arg>
<arg>timeout=30 s</arg>
<tag>PageContent</tag>
<tag>Wait</tag>
<doc>Waits for the element found by ``selector`` to satisfy state option.</doc>
<status status="PASS" start="2024-12-11T15:24:24.289997" elapsed="0.005897"/>
</kw>
<kw name="Click" owner="Browser">
<msg time="2024-12-11T15:24:24.296548" level="INFO">Clicks the element 'xpath=//button[@class="ptz-btn ptz-btn-light-primary ptz-btn-md-full-width ptz-btn-left"]'.</msg>
<arg>${selector}</arg>
<tag>PageContent</tag>
<tag>Setter</tag>
<doc>Simulates mouse click on the element found by ``selector``.</doc>
<status status="PASS" start="2024-12-11T15:24:24.296100" elapsed="0.050486"/>
</kw>
<arg>${submit}</arg>
<status status="PASS" start="2024-12-11T15:24:24.289644" elapsed="0.057087"/>
</kw>
<kw name="Validate Element" owner="commom">
<kw name="Wait For Elements State" owner="Browser">
<errors>
<msg time="2024-12-11T15:15:37.523480" level="WARN">Open Browser is for quick experimentation and debugging only. Use New Page for production.</msg>
<msg time="2024-12-11T15:16:09.839954" level="WARN">Keyword 'BuiltIn.Run Keyword Unless' is deprecated. </msg>
<msg time="2024-12-11T15:16:29.996310" level="WARN">Keyword 'BuiltIn.Run Keyword Unless' is deprecated. </msg>
<msg time="2024-12-11T15:16:40.344343" level="WARN">Open Browser is for quick experimentation and debugging only. Use New Page for production.</msg>
<msg time="2024-12-11T15:17:53.589968" level="WARN">Open Browser is for quick experimentation and debugging only. Use New Page for production.</msg>
<msg time="2024-12-11T15:18:08.933911" level="WARN">Open Browser is for quick experimentation and debugging only. Use New Page for production.</msg>
<msg time="2024-12-11T15:24:30.502784" level="ERROR">Execution stopped by user.</msg>
</errors>
</robot>
